Iteration	Posterior	Likelihood	Prior	rate_log_sd	rate_loss	tree_length
0	-976.1554	-1205.399	229.2435	0.6921606	5.926906	1.566527
6	-977.1376	-1205.67	228.5322	0.6568871	4.387164	2.355413
12	-974.849	-1203.071	228.2218	0.7153649	4.767201	2.442138
18	-976.1764	-1205.22	229.0435	1.11268	4.01926	1.795731
24	-979.9908	-1209.416	229.4248	1.070302	5.937429	1.116027
30	-982.4479	-1211.732	229.2841	1.186917	5.346993	1.266135
36	-985.9666	-1215.023	229.0566	1.123593	7.08389	1.165707
42	-980.8489	-1209.538	228.6894	1.266795	6.644266	1.425886
48	-977.7979	-1206.771	228.9734	1.118182	5.49074	1.532468
54	-975.4357	-1204.629	229.1934	1.250583	5.564207	1.24149
60	-979.6868	-1209.176	229.4892	1.250583	5.24401	1.053719
66	-986.8113	-1215.84	229.0284	1.250583	6.972905	1.09823
72	-977.5514	-1206.239	228.6878	0.9517106	6.126453	1.744429
78	-979.7673	-1208.975	229.2073	1.118878	4.8482	1.48831
84	-973.0131	-1202.289	229.2764	1.073205	4.8482	1.470591
90	-964.6994	-1193.813	229.1134	1.475875	6.403809	0.9141529
96	-972.3102	-1201.218	228.9074	1.411062	8.396137	0.7430356
102	-967.6121	-1196.811	229.1984	1.418363	6.000115	0.9852696
108	-981.982	-1211.719	229.7368	1.382154	4.604984	0.8439827
114	-1011.845	-1240.848	229.0021	1.642118	6.314007	0.8752846
120	-986.4299	-1215.354	228.9241	1.254256	7.815622	1.031788
126	-991.608	-1220.867	229.2587	1.354409	6.819922	0.7702765
132	-974.4052	-1203.857	229.4514	1.430646	5.660697	0.7737394
138	-984.4002	-1213.51	229.11	1.310107	5.026678	1.377251
144	-984.3716	-1213.525	229.1532	1.696751	5.954986	0.7110875
150	-979.987	-1209.575	229.5878	1.516261	4.770371	0.8006136
156	-985.6645	-1215.416	229.7513	1.182035	4.489901	1.075422
162	-979.4937	-1208.557	229.0637	1.244296	6.026881	1.259
168	-987.1571	-1216.455	229.2979	1.027579	5.727242	1.305003
174	-973.149	-1202.104	228.955	0.9654587	6.197091	1.530059
180	-965.5992	-1194.929	229.3299	0.9654587	4.572157	1.571627
186	-975.0889	-1204.158	229.0695	0.7955586	6.314553	1.550768
192	-970.9382	-1200.45	229.5115	1.035001	3.629156	1.616032
198	-975.9185	-1205.747	229.8288	1.203458	4.065673	1.108955
204	-986.5762	-1215.528	228.952	1.413535	6.676643	1.077585
210	-983.6364	-1213.117	229.4807	1.342754	4.639448	1.134522
216	-980.0212	-1209.525	229.5033	1.236735	4.926081	1.134522
222	-983.6548	-1212.511	228.8564	1.240161	7.075893	1.238717
228	-978.928	-1208.051	229.1233	1.427053	6.223156	0.9987894
234	-984.5668	-1213.281	228.7142	1.335127	9.577403	0.8325587
240	-979.2608	-1207.708	228.4473	1.335127	10.01366	1.044375
246	-969.8101	-1199.074	229.2641	1.387163	6.137131	0.9142391
252	-983.3178	-1212.42	229.1025	1.271013	7.471748	0.8996551
258	-998.7082	-1227.476	228.7677	1.112837	8.32591	1.213777
264	-984.9865	-1214.305	229.3186	0.9832623	4.263781	1.636451
270	-989.1272	-1218.662	229.535	1.127016	4.073483	1.414409
276	-989.8316	-1219.309	229.4778	1.119361	4.385076	1.386931
282	-997.7183	-1226.768	229.0495	1.137938	4.385076	1.690871
288	-991.0411	-1220.405	229.3638	1.03488	4.5442	1.501276
294	-984.2106	-1213.822	229.6113	1.06396	4.837413	1.21305
300	-981.637	-1211.033	229.3965	1.26778	5.655333	1.022904
306	-980.5432	-1209.521	228.9783	1.188208	5.655333	1.444265
312	-992.5286	-1221.796	229.2672	1.321207	6.870357	0.7894694
318	-983.5299	-1213.229	229.6994	1.444907	4.656218	0.7916626
324	-981.7735	-1211.287	229.5137	1.304067	4.657822	1.134694
330	-987.3146	-1216.573	229.2582	1.217755	6.045764	1.109637
336	-991.0779	-1220.807	229.7295	1.300942	4.631704	0.9360242
342	-985.743	-1215.102	229.3588	1.333776	4.249432	1.34549
348	-980.597	-1209.394	228.7965	1.333776	6.580122	1.299606
354	-981.349	-1211.226	229.8773	1.376778	3.843408	0.9676479
360	-981.4161	-1210.892	229.4761	1.508737	5.332654	0.7478996
366	-974.2293	-1203.909	229.6798	1.508737	4.296452	0.8746458
372	-978.1082	-1207.764	229.6562	1.305936	4.394649	1.076032
378	-975.1179	-1204.182	229.0642	1.216624	4.917528	1.50746
384	-970.2326	-1199.261	229.0287	1.181614	6.165766	1.311924
390	-973.459	-1202.66	229.2012	1.175886	6.286598	1.14734
396	-983.5376	-1212.924	229.386	1.243701	4.303942	1.381445
402	-974.0439	-1203.304	229.2602	1.333568	6.122864	0.9787283
408	-978.4404	-1207.7	229.2597	1.27751	5.90031	1.085698
414	-978.673	-1207.872	229.1989	1.519116	6.534717	0.7050783
420	-971.3431	-1200.681	229.338	1.519116	5.746955	0.7782177
426	-974.3732	-1203.8	229.427	1.519116	5.43731	0.7644105
432	-977.7761	-1207.204	229.4274	1.510827	4.786446	0.9846167
438	-984.8141	-1214.08	229.2656	1.361536	5.960093	0.9846167
444	-989.4415	-1218.389	228.9478	1.361536	7.173786	1.029685
450	-993.3382	-1222.596	229.2574	1.065706	4.54492	1.55729
456	-984.8063	-1213.638	228.8313	1.14224	7.467768	1.273997
462	-987.2415	-1216.285	229.0439	1.142289	6.291482	1.307586
468	-981.0667	-1210.461	229.3941	1.142289	4.816873	1.332355
474	-979.5567	-1208.629	229.0723	1.136888	6.063276	1.332355
480	-977.8479	-1206.984	229.1362	1.138532	5.61297	1.368652
486	-976.8594	-1205.767	228.9081	1.223042	7.168218	1.192995
492	-983.2334	-1212.478	229.245	1.22891	6.51432	1.008278
498	-981.9174	-1210.581	228.6633	1.448848	8.988941	0.875882
504	-983.3665	-1212.079	228.7121	1.475317	8.47242	0.8942305
510	-977.0917	-1205.455	228.3632	1.421746	10.99331	0.8878523
516	-979.7878	-1208.618	228.83	1.687508	7.656768	0.6351613
522	-979.8472	-1209.144	229.2967	1.445142	6.499226	0.6764658
528	-980.9436	-1209.961	229.0177	1.224655	6.723537	1.179017
534	-971.8514	-1201.275	229.4237	1.275133	5.27787	1.083666
540	-977.701	-1206.953	229.2517	1.250664	7.288729	0.7867049
546	-982.2669	-1211.413	229.1461	1.379621	6.729543	0.9036976
552	-976.6202	-1205.437	228.817	1.190007	9.549457	0.8886093
558	-982.5618	-1212.062	229.5004	1.271377	6.09324	0.7794377
564	-968.2749	-1197.5	229.2248	1.362943	6.249981	0.9540482
570	-966.6086	-1195.612	229.0038	1.362943	7.605689	0.8767402
576	-973.988	-1202.728	228.7401	1.116915	7.997452	1.284632
582	-970.6326	-1199.958	229.3255	1.198338	5.012208	1.297676
588	-973.9091	-1201.813	227.9043	0.9346771	7.17992	2.126951
594	-983.0541	-1211.892	228.8383	0.8772487	4.923573	1.906677
600	-980.9499	-1209.357	228.4074	0.8333153	4.88009	2.228257
606	-976.9592	-1205.839	228.8796	0.8764092	4.511563	1.961161
612	-984.627	-1213.607	228.9804	0.9329677	4.019472	1.961161
618	-983.7589	-1212.983	229.2243	1.005004	4.470607	1.641988
624	-985.5846	-1215.12	229.5354	1.161709	3.620943	1.507431
630	-988.5035	-1217.544	229.041	1.07577	5.805659	1.453454
636	-992.7993	-1222.127	229.3278	1.322549	4.793869	1.244703
642	-991.4289	-1219.8	228.371	1.12361	8.160394	1.541636
648	-989.2446	-1218.283	229.038	1.192843	6.09817	1.308226
654	-977.7707	-1206.534	228.763	1.097321	6.09817	1.591526
660	-980.5244	-1209.74	229.2158	1.070115	5.715399	1.339212
666	-985.1059	-1213.847	228.7416	1.0967	5.762996	1.666348
672	-976.5897	-1205.083	228.493	0.9950393	7.069485	1.702741
678	-987.0507	-1215.735	228.6843	1.139933	5.615825	1.702741
684	-979.0393	-1208.119	229.0792	0.9309128	5.22193	1.643928
690	-981.3927	-1210.051	228.6583	1.250862	5.951914	1.581555
696	-983.188	-1212.002	228.8142	0.9854935	6.416675	1.581555
702	-980.3838	-1209.838	229.4543	1.001488	4.686821	1.425476
708	-980.4362	-1209.744	229.3081	1.230785	5.334765	1.211958
714	-974.5487	-1203.568	229.0197	1.074813	7.427646	1.178591
720	-982.7659	-1212.122	229.3556	1.18219	4.714067	1.355126
726	-981.4966	-1210.702	229.2057	1.037522	5.852915	1.345998
732	-976.7133	-1206.03	229.3168	1.269301	4.758882	1.305917
738	-974.2665	-1203.229	228.9626	1.307066	6.505234	1.197372
744	-963.4644	-1192.645	229.1809	1.314954	6.505234	0.9884091
750	-960.9521	-1190.017	229.065	1.269975	6.986579	1.042979
756	-967.8454	-1197.092	229.2468	1.313006	5.990264	1.04376
762	-960.7094	-1189.895	229.1855	1.129566	5.990264	1.260513
768	-972.246	-1201.858	229.6116	1.311096	4.87572	0.9741692
774	-976.6462	-1205.146	228.5001	1.430277	10.55231	0.7882953
780	-987.2802	-1216.585	229.3051	1.428832	5.784271	0.9174383
786	-991.5024	-1220.932	229.4296	1.360654	5.497232	0.9355103
792	-982.0954	-1211.493	229.3978	1.04801	4.567384	1.460386
798	-971.8104	-1201.431	229.6208	1.043732	4.647072	1.268723
804	-988.9831	-1217.902	228.9185	0.7874372	5.096023	1.880446
810	-988.5839	-1217.76	229.1758	0.9998862	4.914481	1.585756
816	-984.9553	-1214.136	229.181	1.069494	5.77055	1.356381
822	-982.145	-1210.654	228.5093	1.211509	8.248057	1.356381
828	-978.4124	-1206.922	228.5093	1.211509	8.248057	1.356381
834	-974.0947	-1203.635	229.54	1.054538	4.519228	1.356381
840	-984.4537	-1213.327	228.8737	1.158452	6.731195	1.351543
846	-982.7773	-1211.84	229.0629	1.236687	7.886338	0.8909782
852	-982.6901	-1211.687	228.9969	1.527943	7.104419	0.8079452
858	-975.7478	-1205.432	229.6842	1.551937	4.539673	0.7059663
864	-976.8987	-1205.783	228.8842	1.494903	7.56272	0.872265
870	-976.0051	-1205.102	229.0964	1.129796	4.871786	1.557662
876	-983.9085	-1212.636	228.7276	1.055581	7.976374	1.347407
882	-986.2863	-1215.228	228.9418	0.817941	6.438235	1.607067
888	-982.5304	-1211.576	229.0457	0.7377674	6.849113	1.522643
894	-978.2954	-1207.222	228.927	0.9602153	5.734676	1.636323
900	-974.1607	-1203.084	228.9237	0.8615082	6.828651	1.524631
906	-986.8993	-1215.255	228.3555	0.7112537	7.111981	1.985855
912	-988.3017	-1217.733	229.431	0.9966538	4.530379	1.482664
918	-984.9104	-1213.955	229.0441	1.11365	3.840364	1.836819
924	-987.9995	-1217.139	229.1395	1.13697	4.776921	1.540763
930	-993.4301	-1222.308	228.8778	0.9243299	5.508897	1.73764
936	-986.3518	-1215.316	228.9643	0.9693551	4.273492	1.891355
942	-981.8474	-1210.267	228.4199	0.9990257	6.123853	1.896907
948	-970.5751	-1200.013	229.4377	1.074153	4.115236	1.517931
954	-984.2606	-1213.485	229.2245	0.9453381	4.515539	1.674731
960	-972.709	-1202.081	229.3722	1.113481	5.042056	1.321804
966	-978.7804	-1207.847	229.0665	1.294657	6.510521	1.115709
972	-987.9216	-1217.175	229.2536	1.269518	6.956234	0.8495935
978	-976.3249	-1205.46	229.1353	1.355482	5.886218	1.131141
984	-983.5508	-1213.234	229.6834	1.355482	4.776963	0.8788615
990	-979.4165	-1209.094	229.6778	1.343688	4.757596	0.9051341
996	-988.0777	-1216.922	228.8448	1.240498	7.682203	1.142191
1002	-981.6284	-1210.378	228.7494	1.219654	7.180318	1.325349
1008	-978.071	-1207.617	229.5462	1.065339	4.670385	1.306393
1014	-973.4678	-1202.411	228.943	1.136889	5.200363	1.597668
1020	-983.8861	-1213.257	229.3704	1.035696	4.474002	1.511749
1026	-986.2422	-1215.691	229.4489	0.9984189	4.769197	1.413334
1032	-987.05	-1216.178	229.1276	0.9924185	3.940394	1.839102
1038	-981.2449	-1210.503	229.2578	0.9845196	4.907577	1.538227
1044	-982.4225	-1211.384	228.9617	0.9798572	4.369222	1.865364
1050	-987.0752	-1217.023	229.948	1.273788	3.539105	1.104797
1056	-985.6025	-1214.752	229.149	1.273788	5.691264	1.232117
1062	-980.9147	-1210.218	229.3033	1.450514	5.771216	0.8990027
1068	-980.9395	-1210.271	229.332	1.42236	5.812624	0.8867288
1074	-990.1235	-1219.163	229.0397	1.201884	4.584156	1.608162
1080	-983.1893	-1212.47	229.2804	1.005453	5.229421	1.438161
1086	-987.56	-1216.764	229.2039	0.9695976	5.659223	1.438161
1092	-986.5653	-1216.477	229.9119	1.529789	3.869888	0.7248098
1098	-975.1976	-1204.669	229.4718	1.440316	5.596608	0.7537318
1104	-972.7399	-1201.879	229.1392	1.326247	5.596608	1.216368
1110	-981.118	-1210.434	229.3156	1.223526	5.739449	1.1204
1116	-978.8935	-1208.337	229.4433	1.138161	4.761873	1.308969
1122	-982.1604	-1211.141	228.9808	0.9991409	7.244439	1.305867
1128	-970.8808	-1200.079	229.1978	1.242614	5.279887	1.305867
1134	-978.2716	-1207.333	229.0611	1.293163	5.435962	1.341837
1140	-978.3627	-1207.451	229.0879	0.8787908	5.746874	1.576417
1146	-971.8211	-1201.148	229.3273	1.178205	4.475514	1.436175
1152	-978.664	-1207.662	228.9983	1.073157	7.030601	1.267612
1158	-980.8766	-1210.015	229.138	0.8446496	5.128712	1.681724
1164	-982.2507	-1211.285	229.0344	0.8130005	5.058041	1.790438
1170	-976.9165	-1206.112	229.1955	1.061341	5.98773	1.308623
1176	-968.4558	-1197.241	228.7852	1.16173	8.818412	1.076365
1182	-974.264	-1203.084	228.82	1.165161	7.436852	1.269531
1188	-991.67	-1220.153	228.4829	1.187903	9.496435	1.21921
1194	-981.8589	-1211.309	229.4498	1.127827	5.980419	1.028863
1200	-974.0393	-1203.129	229.0899	0.9576564	6.391123	1.399303
1206	-979.1319	-1208.352	229.2196	1.188383	5.21653	1.345585
1212	-987.8618	-1216.444	228.582	1.228419	8.321896	1.273091
1218	-989.5787	-1219.004	229.425	1.078438	4.348653	1.467804
1224	-998.623	-1227.753	229.1296	1.102018	5.563516	1.41217
1230	-985.6539	-1215.053	229.3991	1.102018	4.457224	1.443827
1236	-984.4829	-1213.497	229.0145	1.227179	5.599394	1.397226
1242	-981.8132	-1210.735	228.9215	1.193001	7.216179	1.19871
1248	-983.2397	-1212.648	229.4086	1.188201	5.794219	1.054287
1254	-982.5901	-1212.195	229.6049	1.264579	5.027087	0.9848306
1260	-977.5319	-1206.522	228.9903	1.302096	7.014158	1.077768
1266	-988.4903	-1217.568	229.0777	1.044984	6.874721	1.252725
1272	-977.6107	-1206.763	229.1522	1.259599	6.358507	1.101172
1278	-978.069	-1207.648	229.5787	1.121761	5.014337	1.147595
1284	-971.3652	-1200.661	229.296	1.07943	5.554248	1.300079
1290	-996.097	-1224.812	228.7152	0.6754836	4.913028	2.124777
1296	-990.0902	-1219.194	229.1034	0.859425	3.884697	1.95874
1302	-986.9198	-1216.462	229.5422	0.8973101	4.648594	1.446632
1308	-983.4511	-1212.156	228.7045	0.9353015	5.265434	1.89399
1314	-999.8129	-1229.299	229.4856	1.44962	4.879457	0.9600787
1320	-981.9456	-1211.456	229.5103	0.8954709	4.493794	1.507478
1326	-975.4071	-1204.35	228.9433	0.9229362	7.301851	1.386951
1332	-976.2837	-1204.9	228.6167	0.9624984	7.636068	1.553594
1338	-980.6816	-1209.308	228.6263	0.8030085	6.599513	1.814936
1344	-981.1587	-1210.299	229.1404	1.397299	5.460498	1.184594
1350	-994.975	-1224.045	229.0703	1.422595	6.460079	1.001613
1356	-994.0679	-1223.728	229.6604	1.552699	4.439996	0.7872748
1362	-994.3548	-1224.327	229.9723	1.311422	3.979544	0.8846368
1368	-992.7913	-1221.886	229.0944	1.325353	6.465978	1.071051
1374	-986.082	-1215.457	229.3754	1.325353	5.296216	1.077267
1380	-985.4924	-1215.148	229.656	1.222587	4.671539	1.075453
1386	-981.0722	-1210.08	229.008	1.551341	7.15219	0.7454088
1392	-978.6068	-1207.358	228.7511	1.62285	7.698786	0.8463254
1398	-973.2618	-1202.601	229.3393	1.541584	5.748662	0.7429754
1404	-973.1501	-1202.758	229.6075	1.325152	4.354311	1.11478
1410	-972.5078	-1201.656	229.1485	1.247369	6.659552	1.052629
1416	-974.9483	-1203.872	228.9233	1.453485	7.882717	0.7970594
1422	-968.1413	-1197.058	228.9162	1.754314	7.046661	0.5356684
1428	-967.3048	-1196.049	228.7439	1.754314	7.841273	0.5895444
1434	-974.4995	-1202.858	228.3584	1.754314	10.01623	0.4034378
1440	-972.6138	-1201.662	229.0486	1.659958	6.761133	0.6221122
1446	-977.0893	-1206.391	229.302	1.490645	5.392189	0.9619677
1452	-975.8836	-1204.584	228.7004	1.490645	9.525983	0.6120701
1458	-989.9295	-1218.072	228.1423	1.407934	14.04268	0.6489898
1464	-976.9947	-1205.971	228.9763	1.376505	8.137139	0.7631754
1470	-991.2541	-1220.82	229.5659	1.456126	5.122343	0.7765042
1476	-978.14	-1206.646	228.5058	1.456126	8.122788	1.176268
1482	-963.5898	-1192.89	229.3003	1.16448	4.961298	1.356531
1488	-968.8642	-1197.999	229.1351	1.367668	5.779517	1.143932
1494	-972.7449	-1201.828	229.0834	1.209103	6.6774	1.143932
1500	-973.0408	-1202.572	229.5307	1.396249	5.152814	0.8855893
1506	-964.481	-1193.713	229.2315	1.335911	6.550148	0.9016151
1512	-973.0901	-1201.723	228.6334	1.048092	10.0712	1.129524
1518	-973.2774	-1202.031	228.7536	1.127754	7.285469	1.37772
1524	-971.655	-1200.402	228.747	1.167717	7.981042	1.239402
1530	-978.2861	-1207.615	229.3289	1.192598	5.61061	1.164979
1536	-977.118	-1205.727	228.6095	1.341068	8.253266	1.164979
1542	-986.472	-1215.207	228.7347	1.380377	8.253266	1.01266
1548	-984.4642	-1213.023	228.5586	1.303227	9.016855	1.122812
1554	-983.9475	-1212.771	228.8239	1.200438	9.016855	0.9667515
1560	-985.4161	-1214.277	228.8609	1.64521	7.618778	0.6751608
1566	-989.2997	-1218.397	229.0976	1.640996	5.912146	0.8766421
1572	-984.4954	-1213.305	228.8099	0.9654157	7.600547	1.410806
1578	-980.9897	-1210.202	229.2126	1.094025	4.676356	1.540331
1584	-980.0638	-1209.195	229.1317	0.9925031	5.710948	1.465776
1590	-976.7721	-1205.841	229.069	0.9925031	4.619881	1.729081
1596	-993.1095	-1221.629	228.5194	0.676211	6.766803	1.948936
1602	-991.8914	-1220.689	228.7978	1.19323	5.65014	1.576456
1608	-988.8035	-1217.569	228.7653	1.025616	6.486101	1.576456
1614	-980.4921	-1209.194	228.7015	1.165882	6.24758	1.560557
1620	-989.0608	-1218.183	229.122	1.064193	7.292755	1.121858
1626	-980.9222	-1209.824	228.9022	0.9808776	8.249696	1.223542
1632	-978.1491	-1206.756	228.6073	1.044363	6.39019	1.692511
1638	-980.3038	-1209.553	229.249	1.317362	5.628748	1.120967
1644	-976.839	-1205.946	229.107	1.212744	7.369549	0.9792222
1650	-974.3746	-1203.559	229.1844	1.212744	5.743029	1.242753
1656	-972.7047	-1201.661	228.9567	1.117158	7.161593	1.242753
1662	-986.9409	-1215.998	229.0574	0.9957372	5.793093	1.503856
1668	-983.4776	-1212.987	229.5097	1.161459	5.04582	1.165632
1674	-988.8503	-1218.317	229.4672	0.9827063	5.276057	1.299003
1680	-993.0908	-1221.865	228.7744	1.106601	6.555425	1.498131
1686	-989.6417	-1218.159	228.5172	1.090194	7.873569	1.498131
1692	-998.6598	-1227.653	228.9934	1.352609	7.422761	0.9405776
1698	-990.8445	-1220.127	229.2822	1.343253	5.808832	1.023237
1704	-978.8389	-1207.63	228.7909	1.383842	9.078797	0.776955
1710	-983.4888	-1212.659	229.1704	1.383842	6.960282	0.8093414
1716	-981.1875	-1209.838	228.6503	1.727621	8.426855	0.6198883
1722	-982.2678	-1211.787	229.5187	1.41562	4.113246	1.181902
1728	-987.3075	-1216.255	228.9476	1.257454	6.323927	1.286169
1734	-978.9275	-1207.925	228.998	1.085827	6.867106	1.286169
1740	-976.3007	-1205.011	228.7108	1.127191	9.481994	1.072847
1746	-975.4663	-1204.285	228.8189	1.302542	7.016956	1.228319
1752	-979.842	-1208.599	228.7571	1.287499	8.367768	1.060367
1758	-976.0128	-1205.183	229.1702	1.176441	5.774298	1.27816
1764	-980.0835	-1208.644	228.5607	1.260561	6.214131	1.599979
1770	-987.0722	-1215.966	228.8937	1.062152	3.948459	1.948713
1776	-990.3765	-1219.201	228.8249	0.8906297	5.011309	1.889914
1782	-985.9316	-1214.322	228.3899	0.9608029	6.462431	1.889914
1788	-986.403	-1215.554	229.1506	0.8751486	4.924602	1.691626
1794	-982.0839	-1211.128	229.044	0.9670541	5.155322	1.656236
1800	-978.0101	-1207.26	229.25	1.036988	5.155322	1.45273
1806	-970.2017	-1198.893	228.691	1.041365	5.65448	1.760405
1812	-980.2389	-1208.476	228.2374	0.9493075	7.04981	1.913974
1818	-978.4793	-1207.869	229.3895	0.9608422	4.959748	1.445806
1824	-971.3225	-1199.756	228.4332	0.9732372	7.336775	1.721228
1830	-973.5883	-1202.792	229.2041	0.9888443	5.193777	1.515762
1836	-968.4786	-1197.297	228.8182	1.078003	5.654178	1.64444
1842	-964.6928	-1193.358	228.6651	0.9077195	6.579701	1.717901
1848	-964.2705	-1193.471	229.2003	1.118299	5.916382	1.27235
1854	-965.3834	-1194.477	229.0931	1.298193	5.992643	1.195686
1860	-974.3728	-1203.603	229.2304	1.209523	5.578024	1.241897
1866	-968.5111	-1197.293	228.7823	1.209523	6.219236	1.472621
1872	-965.936	-1194.947	229.0113	1.209523	6.838498	1.175899
1878	-967.5806	-1197.018	229.4372	1.156481	5.480762	1.130659
1884	-976.0858	-1204.889	228.8036	1.084694	7.945069	1.267093
1890	-978.5697	-1207.224	228.6547	1.084694	7.123326	1.512004
1896	-970.4371	-1199.66	229.2228	1.084694	6.417398	1.181973
1902	-970.8639	-1200.093	229.2292	1.239882	6.470571	1.022798
1908	-977.7663	-1206.958	229.1914	1.387361	6.425461	0.9202249
1914	-970.7778	-1200.194	229.4158	1.357649	6.041127	0.7941684
1920	-965.46	-1194.584	229.1245	1.357649	7.385438	0.7874107
1926	-978.2735	-1206.941	228.668	1.357649	7.34129	1.252059
1932	-981.1136	-1209.969	228.8552	0.9932718	7.485245	1.371703
1938	-975.6652	-1204.614	228.9492	1.051323	8.877583	1.015075
1944	-980.375	-1209.215	228.84	1.295315	8.93533	0.8595198
1950	-991.3877	-1220.219	228.8317	1.490613	7.925595	0.8556499
1956	-990.262	-1219.227	228.9653	1.210102	6.648783	1.249931
1962	-982.1389	-1210.759	228.6199	1.026771	7.339828	1.54768
1968	-982.5369	-1211.577	229.0397	1.18322	6.710476	1.198232
1974	-982.1856	-1211.219	229.033	1.032817	7.443014	1.200659
1980	-986.305	-1215.023	228.7183	1.086021	7.27252	1.439502
1986	-983.2564	-1212.128	228.8719	1.165661	8.327241	1.073947
1992	-984.1853	-1212.799	228.6139	1.241685	10.15384	0.9488544
1998	-978.5564	-1207.692	229.1354	1.273783	6.398584	1.095062
2004	-975.7473	-1204.947	229.2	1.33782	5.776612	1.113121
2010	-976.0973	-1204.883	228.7858	1.132252	6.804306	1.428214
2016	-975.4317	-1204.021	228.5895	1.211112	8.881249	1.197245
2022	-975.7256	-1204.53	228.8043	1.233489	7.603388	1.197245
2028	-982.0731	-1211.056	228.983	1.314745	7.316311	1.012222
2034	-976.6707	-1205.308	228.6376	1.306192	6.974166	1.379817
2040	-982.2095	-1210.506	228.2961	1.259936	6.86427	1.685555
2046	-984.978	-1214.317	229.3394	1.161884	5.49022	1.209237
2052	-975.0352	-1203.784	228.7493	1.197307	8.001172	1.209237
2058	-975.1052	-1203.85	228.7451	1.236409	7.818777	1.209237
2064	-968.6452	-1197.259	228.6142	1.423213	7.534645	1.209237
2070	-967.6593	-1196.689	229.0294	1.285252	7.012765	1.057096
2076	-976.4528	-1204.727	228.2746	1.143942	6.625867	1.818324
2082	-978.5225	-1207.467	228.9448	1.068215	6.909569	1.335969
2088	-982.7887	-1210.506	227.7175	1.076874	7.787044	2.07618
2094	-978.9816	-1207.729	228.7478	1.070709	5.97764	1.642688
2100	-982.3108	-1211.004	228.6931	0.9637036	5.110598	1.911065
2106	-986.8756	-1215.389	228.5133	0.9220991	5.056729	2.068919
2112	-980.5041	-1209.726	229.2216	1.05084	6.967186	1.105342
2118	-982.0101	-1210.38	228.3694	1.05084	10.95241	1.240365
2124	-985.3461	-1213.531	228.1844	1.243267	10.95241	1.234076
2130	-994.0012	-1222.649	228.6475	1.036082	6.198669	1.701335
2136	-983.6725	-1212.306	228.6337	1.020605	7.79232	1.474617
2142	-981.7458	-1210.681	228.9349	1.020605	6.448283	1.460081
2148	-976.8051	-1205.919	229.1135	1.234303	6.935098	1.041249
2154	-971.1564	-1200.197	229.041	1.188975	6.09058	1.310367
2160	-972.4745	-1201.379	228.9042	1.22391	7.665346	1.106605
2166	-977.0276	-1205.73	228.7021	0.9931766	7.665346	1.462406
2172	-981.7449	-1210.701	228.9566	1.062612	7.345666	1.256659
2178	-984.0968	-1212.861	228.7638	1.131546	7.282943	1.367142
2184	-982.4337	-1211.298	228.8645	0.8990232	5.502061	1.765911
2190	-990.3521	-1218.89	228.5384	0.9971531	5.034548	2.006645
2196	-967.2323	-1196.488	229.2561	1.27678	5.745398	1.124651
2202	-977.4422	-1206.428	228.9858	1.241105	5.484629	1.431537
2208	-977.4845	-1206.467	228.9825	0.9534483	5.484629	1.647167
2214	-975.0997	-1204.542	229.4428	1.143537	4.435709	1.383063
2220	-970.3041	-1199.518	229.2141	1.307764	5.921907	1.094966
2226	-973.4115	-1201.986	228.5742	1.020098	5.662459	1.85444
2232	-982.6816	-1212.34	229.6588	1.123147	4.155861	1.297969
2238	-978.8418	-1208.338	229.4961	1.106474	3.914462	1.500485
2244	-986.422	-1214.988	228.5661	0.9545029	6.16344	1.820946
2250	-988.2886	-1216.915	228.6267	0.9141536	6.601175	1.737031
2256	-986.5345	-1214.892	228.3578	1.093948	5.501335	1.978825
2262	-982.2058	-1211.188	228.9823	1.008511	5.501335	1.604388
2268	-984.9602	-1213.932	228.9719	0.9062254	7.260674	1.384284
2274	-975.9584	-1204.743	228.7848	1.047834	6.952698	1.469014
2280	-977.8618	-1206.039	228.1768	1.056159	9.454703	1.567037
2286	-970.0505	-1198.76	228.7097	1.051086	9.454703	1.147239
2292	-987.5493	-1216.463	228.9136	1.138575	6.936865	1.299682
2298	-981.5686	-1210.332	228.7638	1.138575	7.354379	1.349995
2304	-984.7951	-1213.765	228.9697	1.189431	7.347746	1.135986
2310	-987.7777	-1216.254	228.4763	1.198642	10.06696	1.135986
2316	-989.6579	-1218.62	228.9622	0.9206847	8.905424	1.121182
2322	-980.3239	-1209.522	229.1981	1.054978	6.095546	1.290658
2328	-974.989	-1203.798	228.8095	1.100409	8.59318	1.146284
2334	-969.3831	-1198.569	229.1857	0.9812938	5.809339	1.414199
2340	-975.2321	-1204.262	229.0296	1.079809	6.045438	1.414199
2346	-987.525	-1216.362	228.8367	1.293632	8.472893	0.9562948
2352	-980.6796	-1209.848	229.1684	1.293632	6.642175	0.9915923
2358	-972.2924	-1201.126	228.8333	1.374311	8.430785	0.8797221
2364	-973.8211	-1202.252	228.4313	1.348184	11.07931	0.8797221
2370	-978.1525	-1206.575	228.4229	1.528466	8.919419	1.055583
2376	-972.0608	-1201.09	229.0291	1.258684	7.319284	1.021443
2382	-970.3848	-1198.888	228.5034	1.377307	10.23235	0.9085231
2388	-966.8713	-1195.828	228.9569	1.559113	7.014352	0.8431702
2394	-977.0158	-1205.934	228.9185	1.524363	7.740472	0.7420639
2400	-971.2528	-1199.961	228.7083	1.524363	9.038375	0.6975276
2406	-974.8179	-1203.542	228.7244	1.524363	8.743719	0.7540623
2412	-969.4376	-1197.606	228.1682	1.598713	12.5775	0.5321064
2418	-975.6859	-1203.97	228.2837	1.65541	11.31775	0.5190041
2424	-978.3383	-1207.028	228.6896	1.65541	8.039722	0.7994331
2430	-979.1448	-1208.208	229.0637	1.396611	7.286343	0.8418954
2436	-971.8154	-1200.794	228.9781	1.100109	8.292212	1.041543
2442	-974.5201	-1203.298	228.7781	1.282798	8.243232	1.066663
2448	-988.6992	-1217.348	228.649	1.079744	8.994432	1.241581
2454	-988.1919	-1216.974	228.7819	1.318476	9.321961	0.821426
2460	-977.472	-1207.254	229.7824	1.311081	4.720373	0.8330676
2466	-976.4033	-1205.63	229.2264	1.033998	6.607881	1.185535
2472	-983.323	-1212.03	228.7067	1.070768	8.263977	1.308679
2478	-989.323	-1218.279	228.9562	0.8654593	6.608247	1.533547
2484	-987.3502	-1215.722	228.3721	0.7523727	5.03567	2.274697
2490	-991.5817	-1220.08	228.4987	1.086162	4.673912	2.042726
2496	-1000.506	-1229.498	228.992	0.7526753	4.366391	1.998803
2502	-979.6958	-1208.498	228.8026	0.9125582	9.631484	1.16187
2508	-987.9713	-1216.876	228.9043	1.371479	6.387747	1.214964
2514	-982.5422	-1211.772	229.2298	1.427814	6.39767	0.8359914
2520	-994.2565	-1223.252	228.9951	1.567991	6.822111	0.8359914
2526	-988.4058	-1217.317	228.9108	1.567991	7.406422	0.7861732
2532	-980.0517	-1209.363	229.3116	1.345576	5.493835	1.06938
2538	-974.6825	-1203.561	228.8789	1.18043	8.181256	1.078837
2544	-975.4727	-1204.12	228.6471	1.08577	8.181256	1.35666
2550	-975.6939	-1204.642	228.9481	1.096229	5.079236	1.647393
2556	-981.6117	-1210.338	228.7266	0.9340481	8.466581	1.372268
2562	-978.8762	-1207.85	228.9737	1.235036	7.361974	1.088364
2568	-976.6295	-1205.544	228.9143	1.235036	6.161238	1.36142
2574	-982.7245	-1211.179	228.4541	1.346241	8.810234	1.208061
2580	-981.2305	-1209.695	228.4648	1.320484	9.938439	1.052951
2586	-976.6854	-1205.17	228.4849	1.522332	10.10936	0.7759199
2592	-976.3562	-1205.159	228.8025	1.490481	8.412456	0.7759199
2598	-982.7209	-1210.943	228.2224	1.452691	12.90643	0.678079
2604	-973.4569	-1202.174	228.7168	1.36881	9.819092	0.7273519
2610	-968.4722	-1197.25	228.778	1.41338	8.491065	0.8858485
2616	-976.5576	-1205.01	228.452	1.471234	11.10633	0.6689583
2622	-978.4747	-1206.996	228.5209	1.466449	10.86973	0.5983691
2628	-980.6771	-1209.082	228.4045	1.242882	11.84704	0.9072696
2634	-997.2624	-1225.823	228.5607	1.56413	10.05349	0.5432221
2640	-980.8284	-1209.444	228.6154	1.699016	8.910385	0.5362582
2646	-978.7996	-1207.72	228.9201	1.426917	8.692205	0.5663268
2652	-970.1235	-1198.783	228.6599	1.426917	10.00734	0.672881
2658	-970.4544	-1199.219	228.7645	1.333227	9.970696	0.6626276
2664	-970.4248	-1199.049	228.624	1.329703	9.970696	0.871898
2670	-970.7772	-1199.388	228.6104	1.234458	9.509751	1.062106
2676	-975.61	-1204.355	228.745	1.533128	8.799367	0.6904231
2682	-977.9581	-1207.056	229.0975	1.460933	7.07906	0.7693211
2688	-983.7833	-1212.47	228.6867	1.460933	8.096637	1.009311
2694	-982.8492	-1212.223	229.3736	1.460933	5.626974	0.8469632
2700	-976.5413	-1205.778	229.2365	1.222351	6.588875	1.006612
2706	-974.7026	-1203.827	229.1248	1.258103	6.14615	1.171172
2712	-979.7067	-1208.49	228.7831	1.394815	8.575116	0.8839563
2718	-980.8642	-1209.652	228.7876	1.260724	7.003558	1.291276
2724	-985.8914	-1215.075	229.1837	1.308269	6.552086	0.9815613
2730	-979.0453	-1208.093	229.0481	1.384586	6.908701	0.9621001
2736	-981.6888	-1210.1	228.4111	1.29729	11.0133	0.9677096
2742	-982.9048	-1211.639	228.734	1.028785	8.168476	1.334731
2748	-971.9098	-1200.739	228.8297	1.177966	9.197532	0.9519671
2754	-976.2987	-1204.377	228.0784	1.154214	9.197532	1.598733
2760	-974.4846	-1203.179	228.6944	1.030644	8.092345	1.375935
2766	-968.8495	-1197.343	228.4938	1.295525	9.955204	1.046646
2772	-967.9797	-1196.645	228.6656	1.219936	8.337535	1.207752
2778	-975.4606	-1204.276	228.8158	1.219936	6.46337	1.395719
2784	-973.5845	-1202.664	229.0796	1.34983	7.080517	0.9266856
2790	-987.4548	-1216.417	228.9626	1.199972	6.818175	1.229523
2796	-978.8231	-1207.775	228.9523	1.042858	6.540672	1.413671
2802	-980.1731	-1209.366	229.1927	1.212934	6.540672	1.068465
2808	-982.7723	-1211.922	229.1499	1.212934	6.540672	1.108033
2814	-972.1388	-1201.208	229.0696	1.222917	5.860513	1.304898
2820	-965.1035	-1194.202	229.0987	1.282555	6.248557	1.151476
2826	-964.8213	-1193.915	229.0933	0.9971652	7.13331	1.233723
2832	-968.6813	-1197.225	228.5436	0.8764252	6.669137	1.810678
2838	-967.2512	-1196.186	228.9351	1.196559	5.452125	1.510094
2844	-970.3561	-1199.062	228.7055	1.219202	6.193411	1.527509
2850	-972.7952	-1202.038	229.243	1.331947	5.936775	1.04174
2856	-978.6561	-1207.714	229.058	1.202713	7.503879	1.011317
2862	-986.9723	-1215.141	228.1682	1.166575	11.03468	1.300927
2868	-984.1358	-1213.142	229.0061	1.065218	6.408529	1.377627
2874	-988.2542	-1217.361	229.1063	1.635812	6.243669	0.7712185
2880	-990.6818	-1219.572	228.8902	0.9983875	6.300582	1.535802
2886	-982.8283	-1211.786	228.9579	0.9844183	6.297915	1.496168
2892	-985.7569	-1215.11	229.3535	1.098555	4.026044	1.583925
2898	-982.6015	-1211.72	229.1188	1.138324	5.715457	1.362066
2904	-993.7396	-1223.137	229.3974	1.278676	5.864358	0.9582647
2910	-985.2448	-1214.368	229.1231	1.232063	7.431765	0.9288031
2916	-981.928	-1211.057	229.1294	0.9419807	4.269537	1.797749
2922	-978.8853	-1208.222	229.337	0.8149728	5.312625	1.522381
2928	-966.6527	-1195.787	229.1345	1.011	5.810202	1.430564
2934	-970.4383	-1199.379	228.9405	0.9785988	5.254383	1.702569
2940	-974.2039	-1203.299	229.0949	1.144607	5.094598	1.501234
2946	-984.7488	-1214.106	229.3573	0.8813865	5.097615	1.501234
2952	-982.5823	-1211.782	229.1996	0.925992	5.286434	1.547164
2958	-993.532	-1222.168	228.6361	1.07401	6.885121	1.571128
2964	-981.074	-1209.877	228.8031	0.9369367	5.255154	1.827344
2970	-985.8742	-1214.67	228.7953	0.8902635	5.447762	1.829688
2976	-985.2052	-1213.817	228.6114	0.9487261	4.617955	2.070064
2982	-976.7592	-1205.692	228.933	0.8864048	4.367069	1.948653
2988	-967.9944	-1197.01	229.0155	0.9726596	4.7673	1.750039
2994	-966.9239	-1196.113	229.1895	0.9346526	4.24138	1.767361
3000	-978.5405	-1207.423	228.8825	1.274868	6.212865	1.345439
3006	-974.8032	-1203.877	229.0742	1.150302	5.931846	1.345439
3012	-983.2035	-1212.251	229.0476	1.323761	6.804979	1.045498
3018	-987.06	-1216.485	229.4253	1.248031	5.52869	1.045498
3024	-974.8348	-1204.134	229.2992	0.8282239	4.539553	1.699668
3030	-970.0947	-1199.083	228.9883	0.8886652	5.428418	1.699668
3036	-976.0527	-1205.096	229.0431	0.8886652	5.214272	1.701289
3042	-971.0589	-1200.305	229.246	0.9242579	5.214272	1.528466
3048	-971.1455	-1199.809	228.6632	1.138034	7.410206	1.420254
3054	-969.7297	-1198.466	228.7359	1.089658	6.627109	1.527532
3060	-969.5121	-1198.986	229.474	1.148942	5.257581	1.157164
3066	-978.0201	-1206.593	228.5726	0.9260341	8.685905	1.467017
3072	-975.7665	-1205.092	229.3251	1.385379	5.297159	1.067937
3078	-962.8976	-1192.617	229.7199	1.349179	4.543154	0.9230672
3084	-979.4432	-1207.922	228.4791	1.297023	11.70475	0.7718312
3090	-969.3474	-1198.183	228.8357	1.338189	8.500405	0.9037959
3096	-980.6655	-1209.59	228.9245	1.372082	6.716937	1.132518
3102	-977.2843	-1206.249	228.9649	1.017423	5.100904	1.687432
3108	-976.6828	-1205.794	229.1113	1.162433	6.462502	1.202147
3114	-990.4743	-1220.093	229.6186	1.176354	5.142684	1.027105
3120	-989.8759	-1218.822	228.9458	1.454474	7.454303	0.8729185
3126	-996.3254	-1225.969	229.6436	1.31647	4.866191	0.937849
3132	-992.4338	-1222.187	229.7534	1.404437	3.859106	1.057428
3138	-984.2754	-1213.83	229.5545	1.404437	3.859106	1.23417
3144	-979.4029	-1208.442	229.039	1.074461	7.02151	1.23417
3150	-992.4204	-1221.492	229.0718	1.085728	5.050482	1.571087
3156	-993.6864	-1222.597	228.9104	1.207697	6.216598	1.375768
3162	-980.3631	-1209.331	228.9674	1.322691	7.338574	1.015258
3168	-976.1289	-1204.656	228.5273	1.420165	9.05308	1.037254
3174	-965.0129	-1194.077	229.0638	1.09742	7.798096	1.051531
3180	-967.9014	-1196.373	228.4715	1.15221	8.755686	1.360687
3186	-960.9535	-1189.371	228.4174	1.369725	9.886446	1.059073
3192	-967.6945	-1196.482	228.7879	0.9842506	8.428184	1.288493
3198	-968.6997	-1197.646	228.9465	0.9428682	6.416037	1.515461
3204	-972.8294	-1201.324	228.4943	1.241508	9.365794	1.182047
3210	-980.5806	-1209.375	228.7945	1.28706	8.266776	1.042849
3216	-981.6641	-1210.21	228.5456	1.156707	8.590441	1.321411
3222	-989.7827	-1218.962	229.1792	1.059367	4.934011	1.535444
3228	-985.1394	-1213.885	228.7452	0.9867515	6.006546	1.699505
3234	-978.7237	-1207.559	228.8354	1.026468	6.888912	1.457232
3240	-985.2436	-1213.787	228.5436	1.53159	9.531969	0.809018
3246	-971.2223	-1199.996	228.7739	1.323182	8.377855	1.007736
3252	-980.1189	-1208.9	228.7808	1.443944	8.974257	0.729239
3258	-965.7901	-1194.036	228.246	1.351186	12.96464	0.7892355
3264	-982.3055	-1210.56	228.2545	1.615327	11.65001	0.6160108
3270	-967.9869	-1197.145	229.1584	1.581777	6.549698	0.6571488
3276	-964.5647	-1193.812	229.2474	1.486511	6.354227	0.7456303
3282	-966.7817	-1196.021	229.2392	1.340682	6.354227	0.9367321
3288	-970.9746	-1199.851	228.8767	1.212802	7.820298	1.114192
3294	-963.0547	-1192.373	229.3182	1.326432	6.098216	0.9315155
3300	-966.4368	-1195.718	229.2808	1.267328	5.633782	1.13625
3306	-972.7703	-1201.847	229.0766	0.9861031	7.892905	1.125757
3312	-976.3054	-1205.258	228.9526	0.9596796	5.795586	1.607188
3318	-970.757	-1199.844	229.0875	0.9742567	4.741717	1.70348
3324	-977.5999	-1206.686	229.0861	1.120585	5.276026	1.488748
3330	-976.7299	-1205.841	229.1109	0.9937613	5.667948	1.488748
3336	-983.1939	-1212.585	229.3911	1.012812	4.581892	1.488748
3342	-977.1289	-1206.323	229.1938	1.096361	4.891292	1.506027
3348	-989.9497	-1218.708	228.7582	1.215542	8.076028	1.173636
3354	-994.7911	-1223.685	228.8936	1.137651	5.551371	1.565426
3360	-988.3298	-1216.79	228.46	0.8949295	5.627444	2.02176
3366	-987.4755	-1216.46	228.9842	0.8418154	5.249218	1.768899
3372	-983.0578	-1211.792	228.7346	0.7700637	6.626748	1.758385
3378	-991.6524	-1220.362	228.71	0.9363112	8.202716	1.421173
3384	-982.3478	-1211.166	228.8185	1.123884	8.462833	1.138221
3390	-988.9709	-1218.214	229.2432	1.050544	6.612116	1.155584
3396	-990.6857	-1219.753	229.0673	1.096053	6.902876	1.213429
3402	-982.9852	-1212.113	229.1278	1.36718	7.04843	0.8599383
3408	-983.741	-1213.096	229.3554	1.306614	5.870859	0.9712308
3414	-994.0905	-1222.858	228.7678	1.282964	7.644652	1.178961
3420	-993.3734	-1222.431	229.0574	1.319869	7.113391	0.9744752
3426	-978.7607	-1207.957	229.1962	1.441971	6.53448	0.8213315
3432	-984.0447	-1212.654	228.6094	1.243806	7.680368	1.337249
3438	-979.8476	-1209.222	229.3746	0.908206	4.550529	1.585571
3444	-979.5902	-1208.278	228.6876	1.049362	4.571224	1.961815
3450	-969.1303	-1198.499	229.3691	0.9958559	4.09352	1.630864
3456	-964.924	-1194.223	229.2995	1.143339	6.155365	1.116016
3462	-975.0824	-1203.859	228.7762	1.256753	8.907853	0.9772536
3468	-980.6066	-1209.369	228.7625	1.390236	7.600485	1.095723
3474	-978.7415	-1207.953	229.2115	1.62452	5.718226	0.8162598
3480	-981.0898	-1210.243	229.1533	1.480541	4.890356	1.235265
3486	-981.2695	-1210.27	229.0002	1.299417	6.642123	1.144506
3492	-978.2104	-1207.32	229.1098	1.617052	6.584317	0.6685172
3498	-975.7293	-1204.97	229.2403	1.526916	6.421004	0.6614039
3504	-980.647	-1209.606	228.9588	1.208928	7.911027	1.024251
3510	-977.052	-1206.11	229.0585	1.226038	6.420174	1.201164
3516	-974.2304	-1203.194	228.964	1.26364	8.381096	0.8669031
3522	-980.6264	-1209.728	229.1017	1.15716	7.29765	1.053652
3528	-973.7531	-1203.117	229.3637	1.15716	5.647465	1.157309
3534	-971.426	-1200.659	229.2327	1.193376	6.056476	1.152032
3540	-985.3771	-1214.635	229.2577	1.061636	5.990146	1.256947
3546	-975.0779	-1204.229	229.151	1.213446	5.305352	1.361169
3552	-985.2588	-1214.091	228.8324	0.9154483	4.352814	1.999541
3558	-993.1139	-1222.127	229.0126	1.044726	4.915502	1.670961
3564	-999.1607	-1227.834	228.6733	1.034262	6.278874	1.670961
3570	-989.3476	-1218.38	229.0323	1.034262	5.938957	1.46671
3576	-986.0271	-1215.714	229.6872	1.341737	4.11789	1.096197
3582	-992.0253	-1221.352	229.3264	1.352154	6.386626	0.8126528
3588	-986.3119	-1215.639	229.3274	1.228058	6.942871	0.8126528
3594	-985.8743	-1215.269	229.3949	1.263685	6.47408	0.8126528
3600	-980.1999	-1209.178	228.9778	1.414726	7.969759	0.7512665
3606	-975.1004	-1203.952	228.8513	1.105622	6.85534	1.389488
3612	-983.4615	-1212.151	228.6899	1.22471	9.179526	1.048191
3618	-983.7116	-1212.801	229.0892	1.209629	5.59183	1.353811
3624	-980.8421	-1210.005	229.1629	1.46671	6.377098	0.8753284
3630	-978.0574	-1207.395	229.3373	1.355594	6.014797	0.9003914
3636	-981.669	-1211.221	229.5516	1.292542	4.391054	1.182946
3642	-980.1228	-1209.545	229.4224	1.29336	5.970752	0.8864946
3648	-972.9721	-1202.64	229.6676	1.384687	5.066665	0.7550611
3654	-975.902	-1204.928	229.0256	1.759298	6.407758	0.6288629
3660	-978.3421	-1207.435	229.0926	1.759298	6.149949	0.6103377
3666	-980.1657	-1209.628	229.4623	1.717738	4.786646	0.6747231
3672	-980.174	-1209.065	228.891	1.637751	7.425203	0.7043644
3678	-980.2603	-1209.057	228.7967	1.386197	9.02233	0.7790623
3684	-976.5436	-1205.558	229.0145	1.086554	6.103981	1.409839
3690	-978.9176	-1208.553	229.6356	1.086554	3.912848	1.409839
3696	-980.9116	-1209.621	228.7089	1.040766	8.097803	1.355713
3702	-986.2281	-1214.95	228.7218	1.495884	8.301566	0.8952688
3708	-980.1722	-1209.295	229.1229	1.50214	6.863939	0.7384533
3714	-976.7409	-1206.127	229.3857	1.191823	6.863939	0.8059388
3720	-978.5018	-1207.581	229.0797	1.359259	6.759091	0.9889108
3726	-974.6676	-1203.665	228.9978	1.068386	7.262169	1.231721
3732	-973.5334	-1202.708	229.1743	1.362422	6.777676	0.8791919
3738	-973.3086	-1202.543	229.2346	1.362422	6.777676	0.8048877
3744	-973.5277	-1202.951	229.4234	1.4454	5.223917	0.9289128
3750	-982.4987	-1211.392	228.8936	1.4454	6.6089	1.115788
3756	-982.2891	-1210.841	228.5521	1.445361	10.03626	0.8047787
3762	-977.6605	-1206.596	228.9351	1.375858	7.205745	1.021688
3768	-975.5388	-1204.572	229.0335	1.375858	6.434225	1.0874
