Iteration	Posterior	Likelihood	Prior	rate_log_sd	rate_loss	tree_length
0	-987.219	-1216.304	229.0853	1.443703	6.705675	0.905889
6	-979.9513	-1208.947	228.9957	1.35519	7.878824	0.8315334
12	-970.2723	-1198.84	228.568	1.317642	9.031346	1.098957
18	-978.9853	-1207.979	228.9936	1.317642	8.007413	0.8501317
24	-973.5658	-1202.332	228.7666	1.20635	8.371903	1.125733
30	-968.683	-1197.576	228.8931	1.395679	8.371903	0.7919808
36	-973.5888	-1202.592	229.0035	1.466529	7.631274	0.7331851
42	-967.4022	-1195.733	228.3305	1.706199	10.53348	0.6004864
48	-973.7706	-1202.143	228.3727	1.610763	10.53348	0.7129605
54	-983.0558	-1211.668	228.6127	1.51913	9.541204	0.7253837
60	-982.4022	-1210.86	228.4574	1.403772	9.541204	1.041625
66	-979.3318	-1207.842	228.5103	1.626053	9.992575	0.5283352
72	-981.4639	-1210.376	228.9116	1.62759	7.696279	0.5283352
78	-982.9087	-1211.82	228.9114	1.583291	7.65879	0.6817729
84	-970.2973	-1198.833	228.5357	1.586556	9.85621	0.6492496
90	-977.175	-1206.196	229.0207	1.586556	7.198197	0.6419344
96	-971.1545	-1200.229	229.0746	1.500963	7.198197	0.703701
102	-971.9792	-1201.007	229.0278	1.302141	8.356833	0.7364087
108	-971.3583	-1200.163	228.8044	1.421935	8.887535	0.7500155
114	-971.5386	-1200.475	228.9364	1.527426	7.372952	0.815203
120	-969.4291	-1198.286	228.8568	1.527426	8.495729	0.5573879
126	-977.0156	-1205.98	228.9645	1.433151	7.940117	0.7520181
132	-977.9842	-1206.505	228.5204	1.261445	11.02915	0.8854612
138	-987.8167	-1216.539	228.7222	1.080312	6.503697	1.565048
144	-979.289	-1208.298	229.0087	0.913999	5.810416	1.597005
150	-979.6243	-1208.404	228.7798	1.153876	7.815704	1.250121
156	-977.3298	-1205.996	228.6664	0.8478038	8.085393	1.537559
162	-976.7085	-1205.508	228.7993	1.2055	8.085393	1.144724
168	-976.9311	-1205.624	228.6934	1.116404	9.178266	1.14474
174	-989.2154	-1218.629	229.4134	1.145721	6.061723	1.027801
180	-987.2636	-1216.287	229.0235	1.016149	5.459476	1.576735
186	-989.2917	-1218.476	229.1848	0.9375204	6.314425	1.35451
192	-994.281	-1222.861	228.5801	0.9971075	8.828193	1.387201
198	-983.6485	-1212.381	228.7322	1.099334	8.100186	1.289596
204	-993.9957	-1222.757	228.7616	1.069888	8.100186	1.289596
210	-986.0616	-1214.545	228.4831	1.138403	9.256409	1.293303
216	-990.1174	-1218.333	228.2154	1.10061	8.477518	1.629505
222	-977.8409	-1206.353	228.5117	1.10061	6.745596	1.663852
228	-988.4677	-1217.46	228.9922	0.9527035	4.421744	1.851898
234	-976.6128	-1205.151	228.5384	0.816651	7.844966	1.686227
240	-978.8443	-1207.984	229.1398	0.828373	5.158435	1.686227
246	-972.2935	-1200.909	228.6153	1.192136	7.421577	1.413731
252	-969.9527	-1199.082	229.1295	1.30065	7.493811	0.8270203
258	-974.178	-1202.929	228.7509	1.475879	7.493811	1.046281
264	-978.0407	-1206.922	228.8812	1.475879	7.493811	0.9129997
270	-978.8736	-1207.235	228.3614	1.390746	11.82251	0.7827183
276	-975.6012	-1204.214	228.6129	1.269363	5.789661	1.629966
282	-980.7904	-1210.089	229.2988	1.139935	5.312997	1.30002
288	-971.4711	-1200.602	229.1306	1.217506	5.416599	1.350749
294	-968.7205	-1198.049	229.3287	1.097974	5.292623	1.314165
300	-974.286	-1203.338	229.0521	1.103502	5.626388	1.458165
306	-978.9778	-1207.846	228.8681	1.105342	6.969441	1.357271
312	-980.8413	-1210.032	229.1909	1.043403	7.258404	1.084252
318	-974.0101	-1202.533	228.5229	0.8537293	5.251423	2.072529
324	-975.6961	-1205.066	229.37	1.030259	4.349877	1.544744
330	-971.2132	-1200.012	228.7989	0.9693294	4.487696	1.957871
336	-974.7608	-1203.808	229.0477	1.042079	4.0373	1.837418
342	-983.2781	-1212.114	228.8362	1.00663	4.833589	1.837418
348	-976.4213	-1205.691	229.2701	1.016764	5.345389	1.413494
354	-977.4256	-1206.56	229.1344	0.9354867	5.345389	1.576559
360	-995.1126	-1224.316	229.2031	1.199477	6.410968	1.098517
366	-978.7867	-1207.578	228.7914	1.06705	6.618695	1.504405
372	-993.9638	-1222.682	228.7182	1.59714	7.980652	0.8513363
378	-996.3533	-1224.917	228.564	1.432285	9.345362	0.9376563
384	-987.4099	-1216.878	229.4684	1.240062	5.003389	1.143219
390	-984.219	-1213.817	229.5976	1.321265	4.725569	1.021697
396	-982.8822	-1212.62	229.738	1.121246	4.725569	1.078622
402	-983.2849	-1213.018	229.733	1.243147	4.162819	1.130778
408	-979.3618	-1208.839	229.4772	1.275274	5.801074	0.8920617
414	-971.4711	-1200.59	229.1186	1.249654	7.113495	0.9837092
420	-978.9184	-1208.247	229.3282	1.33508	5.535499	1.053381
426	-980.0934	-1209.243	229.1494	1.33508	6.009327	1.109817
432	-998.4624	-1227.434	228.972	1.261829	6.84511	1.163336
438	-998.8251	-1227.801	228.9758	1.469104	6.84511	0.9636631
444	-991.3159	-1220.428	229.1123	1.462777	6.612239	0.8769919
450	-989.3858	-1217.737	228.3513	1.708147	9.647724	0.8048498
456	-988.4352	-1217.091	228.6561	1.462049	7.562021	1.134042
462	-984.2399	-1213.136	228.8957	1.375833	8.344363	0.8213034
468	-986.6727	-1215.068	228.3951	1.199125	9.490015	1.283822
474	-973.391	-1202.38	228.9892	1.204915	6.063415	1.344358
480	-976.1422	-1204.673	228.5309	1.469146	9.165571	0.9656268
486	-981.9154	-1210.573	228.6573	1.414729	10.08124	0.6789771
492	-977.3575	-1205.544	228.1869	1.27398	13.32933	0.9006031
498	-972.6984	-1201.436	228.738	1.466695	7.63695	1.040139
504	-977.9398	-1206.107	228.1675	1.466695	12.20758	0.86663
510	-969.9697	-1198.684	228.714	1.361564	8.603441	0.9884864
516	-974.4855	-1203.344	228.859	1.106919	8.155379	1.167474
522	-979.1008	-1208.28	229.1792	1.085546	6.762049	1.151995
528	-981.2554	-1210.05	228.7945	1.225426	9.468898	0.8889224
534	-985.0732	-1213.3	228.2265	1.508215	12.64208	0.6223479
540	-983.0137	-1212.006	228.9926	1.61206	7.163214	0.6629998
546	-981.7463	-1210.558	228.8113	1.526292	8.615149	0.6356185
552	-988.5223	-1217.317	228.7944	1.637793	8.2295	0.5607993
558	-992.4629	-1221.277	228.814	1.512522	8.2295	0.7760974
564	-989.7032	-1218.779	229.0761	1.512522	7.099751	0.716413
570	-987.3524	-1216.929	229.5763	1.511544	5.211076	0.6145129
576	-982.1796	-1211.08	228.9	1.511544	8.116917	0.672264
582	-993.5641	-1222.093	228.5288	1.3841	8.116917	1.219284
588	-974.0321	-1203.24	229.2082	1.045949	6.821928	1.149834
594	-979.0224	-1208.84	229.8175	1.059673	4.406442	1.149834
600	-988.1088	-1217.187	229.0782	1.01405	5.067955	1.615127
606	-994.6057	-1223.988	229.3819	0.8919219	5.067955	1.480998
612	-982.5278	-1211.654	229.1264	1.186606	5.420723	1.377625
618	-987.3872	-1216.625	229.2383	1.377706	3.969653	1.476244
624	-984.0542	-1213.759	229.7048	1.53899	4.253759	0.8239974
630	-988.6549	-1217.827	229.1721	1.542458	6.144556	0.8383558
636	-984.9403	-1214.569	229.6285	1.482757	4.99323	0.6928638
642	-984.3499	-1213.394	229.0445	1.543677	7.167165	0.6928638
648	-981.5585	-1210.493	228.9347	1.569796	7.794587	0.598135
654	-983.1152	-1211.988	228.8728	1.589194	7.587781	0.7584297
660	-986.4676	-1215.539	229.0717	1.507159	6.396165	0.9275039
666	-983.3569	-1212.52	229.1634	1.326404	6.973892	0.8844848
672	-998.1307	-1226.876	228.7456	1.55306	8.350427	0.7838991
678	-994.9631	-1223.703	228.7394	1.575907	7.904527	0.8687605
684	-979.5094	-1208.661	229.1515	1.364823	7.082406	0.8248631
690	-976.4714	-1205.157	228.686	1.301298	7.361483	1.280295
696	-980.5205	-1209.464	228.9435	1.378074	7.366943	0.9779272
702	-975.3936	-1204.707	229.3132	1.29428	6.043759	0.9840092
708	-974.0478	-1203.316	229.2677	1.191875	6.607433	1.001761
714	-973.215	-1202.487	229.2717	1.269612	5.244706	1.23034
720	-984.5768	-1213.542	228.9648	1.198098	6.535283	1.281233
726	-978.5283	-1207.247	228.7187	1.08337	7.513759	1.403513
732	-976.4516	-1205.365	228.9134	1.151658	7.332528	1.220446
738	-980.7054	-1209.664	228.9588	1.285762	7.48098	1.031587
744	-990.7994	-1220.155	229.3553	1.124248	5.351224	1.258176
750	-978.45	-1207.442	228.9921	1.33838	7.288214	0.9852214
756	-971.1902	-1199.637	228.4464	1.239843	10.92392	1.003471
762	-977.2547	-1206.257	229.0018	1.239843	6.745558	1.175401
768	-987.2556	-1215.938	228.6819	1.300781	6.628647	1.40808
774	-974.1975	-1203.433	229.2352	1.046918	5.592586	1.366862
780	-977.58	-1206.602	229.0219	1.042618	5.403441	1.569234
786	-973.3784	-1202.4	229.0219	1.042618	5.403441	1.569234
792	-977.6073	-1206.674	229.0663	0.9982844	5.403441	1.569234
798	-988.1943	-1216.992	228.7981	1.193846	5.724895	1.561905
804	-986.7081	-1215.832	229.1235	1.10576	5.505027	1.425622
810	-975.7625	-1205.006	229.2434	1.137166	5.70599	1.264245
816	-973.3771	-1202.88	229.5027	1.137166	5.090397	1.182146
822	-971.4419	-1200.396	228.9537	1.330514	6.519167	1.182146
828	-977.0234	-1206.154	229.1308	1.088296	6.413183	1.2577
834	-969.3167	-1198.102	228.7854	1.23681	6.419515	1.414005
840	-979.2844	-1208.74	229.4559	1.19873	5.222122	1.137539
846	-978.2023	-1207.019	228.8169	1.175825	5.419543	1.618503
852	-994.4032	-1223.276	228.8729	0.8412893	5.242495	1.847463
858	-987.7363	-1217.259	229.5227	0.9388077	5.400447	1.262337
864	-991.3193	-1220.607	229.2873	0.8415911	5.815694	1.44231
870	-984.1119	-1212.823	228.711	0.9029823	6.253482	1.741385
876	-987.3223	-1216.403	229.0812	0.9029823	6.657735	1.401925
882	-985.8997	-1214.913	229.0134	0.8082272	7.426732	1.401925
888	-984.061	-1213.035	228.9744	0.808551	4.19099	2.01053
894	-966.9304	-1196.238	229.3079	1.257248	4.739286	1.327405
900	-969.2106	-1198.43	229.2194	0.9694395	6.175032	1.327405
906	-969.5756	-1199.04	229.4644	1.139505	3.96224	1.48723
912	-965.1864	-1194.523	229.3362	1.182408	4.840879	1.341035
918	-966.968	-1196.468	229.5	1.103924	4.840879	1.271934
924	-972.6198	-1201.832	229.2119	0.8583649	6.035996	1.446017
930	-972.5212	-1201.654	229.1325	1.014232	6.129032	1.369481
936	-973.6457	-1203.078	229.4324	1.097012	6.151709	1.035883
942	-971.5605	-1200.873	229.3122	1.301674	5.723133	1.054985
948	-976.2883	-1205.218	228.9295	1.31303	7.218199	1.084369
954	-973.1441	-1202.602	229.4582	1.144293	4.749774	1.294755
960	-979.4148	-1208.359	228.9437	1.195673	7.700195	1.08996
966	-987.5241	-1216.21	228.6856	1.231449	9.315108	1.023701
972	-984.713	-1214.116	229.4032	1.159005	6.066665	1.023701
978	-984.8052	-1213.704	228.8988	1.346808	7.069602	1.110003
984	-986.4391	-1215.771	229.3317	1.284347	6.265507	0.9197441
990	-981.4877	-1210.893	229.4053	1.30511	5.370589	1.049524
996	-984.5034	-1213.491	228.9875	1.303677	6.203724	1.238007
1002	-996.8404	-1226.388	229.5477	1.147442	4.592648	1.256905
1008	-992.1763	-1221.029	228.8528	1.147442	4.479248	1.801564
1014	-980.134	-1209.149	229.0155	1.42814	5.850965	1.180361
1020	-977.3267	-1206.556	229.2289	1.136246	4.775665	1.474719
1026	-974.057	-1203.54	229.4827	1.329489	3.511155	1.451164
1032	-967.6318	-1197.331	229.699	1.166336	4.224804	1.209995
1038	-979.2089	-1208.919	229.7105	1.389274	4.724575	0.8236492
1044	-982.4215	-1211.498	229.0769	1.03691	5.994229	1.420319
1050	-982.8401	-1212.058	229.2184	1.290967	4.938682	1.326103
1056	-984.7213	-1214.094	229.373	1.497545	5.700359	0.7758551
1062	-986.0707	-1215.614	229.5435	1.610228	4.48585	0.8457423
1068	-995.2969	-1224.003	228.7057	1.32471	7.364486	1.244108
1074	-1000.509	-1230.05	229.5417	1.129464	4.612682	1.271766
1080	-988.5488	-1218.016	229.4669	1.165783	4.612682	1.303195
1086	-978.3364	-1207.962	229.6253	1.119205	4.929245	1.129733
1092	-976.8498	-1206.341	229.4916	1.009702	4.929245	1.334699
1098	-977.6672	-1207.361	229.6933	0.9983702	4.294676	1.334699
1104	-975.9036	-1204.926	229.0227	0.8757136	7.00464	1.410136
1110	-993.0431	-1222.611	229.5677	0.6907862	4.860222	1.53629
1116	-979.6056	-1208.786	229.1808	0.7791533	5.153927	1.69294
1122	-983.9538	-1212.984	229.0305	0.8919412	6.545038	1.468585
1128	-977.1965	-1205.845	228.6486	0.7261934	6.545038	1.860764
1134	-985.5167	-1213.925	228.4081	0.6610617	5.240303	2.274165
1140	-992.9824	-1221.273	228.2902	0.6562035	6.368532	2.172437
1146	-990.2734	-1218.641	228.3678	0.8465257	5.792846	2.087176
1152	-968.0402	-1197.065	229.0252	1.316249	6.563819	1.12274
1158	-969.6778	-1198.557	228.879	1.253019	7.035466	1.215988
1164	-968.7913	-1197.937	229.1461	1.253019	5.97487	1.192684
1170	-970.543	-1198.939	228.3963	1.086694	5.97487	1.877617
1176	-968.0255	-1197.162	229.1366	1.196622	5.656648	1.313098
1182	-958.7716	-1187.894	229.1219	1.241858	6.258359	1.164868
1188	-964.9874	-1194.507	229.52	1.050113	5.05684	1.249286
1194	-966.535	-1195.466	228.9309	0.8461745	5.05684	1.83922
1200	-964.6528	-1192.991	228.3384	0.790645	7.880347	1.83922
1206	-974.0769	-1202.932	228.8547	0.7437695	5.745576	1.837231
1212	-975.5188	-1204.182	228.6629	0.7551995	6.505047	1.837231
1218	-964.7233	-1193.984	229.2608	0.9673234	4.813901	1.568494
1224	-969.1688	-1198.186	229.0171	0.9550776	6.811204	1.385053
1230	-971.6177	-1200.848	229.23	1.09044	5.437366	1.36838
1236	-983.5051	-1212.561	229.0555	0.9270264	5.312094	1.646347
1242	-975.2372	-1203.838	228.6013	1.292561	8.930579	1.107312
1248	-975.8598	-1204.608	228.7482	1.292561	8.045086	1.119369
1254	-969.8108	-1198.614	228.8029	1.282022	8.236172	1.04508
1260	-986.1712	-1215.137	228.9658	1.148871	8.009157	1.057253
1266	-992.1854	-1220.992	228.8068	1.395795	7.557004	1.057253
1272	-979.3189	-1208.133	228.8146	1.31287	7.908578	1.063355
1278	-986.3358	-1214.822	228.486	1.278934	9.146226	1.188749
1284	-980.7995	-1209.733	228.9331	1.240272	7.608301	1.075248
1290	-980.0687	-1209.439	229.3704	1.240272	4.977658	1.233938
1296	-974.0113	-1202.824	228.8131	1.240272	8.29173	1.065295
1302	-979.0096	-1208.02	229.0099	1.329419	7.488087	0.9335657
1308	-991.3337	-1219.837	228.5031	1.452196	10.20681	0.8249574
1314	-985.8436	-1214.396	228.5523	1.408282	10.20681	0.8181124
1320	-1001.404	-1230.215	228.8111	1.18159	7.932233	1.180933
1326	-995.8715	-1225.246	229.3741	1.390468	5.837898	0.8674828
1332	-993.3911	-1222.791	229.3996	1.252025	5.129821	1.162458
1338	-987.3025	-1216.664	229.3616	1.252025	4.742598	1.287368
1344	-995.373	-1224.681	229.3079	1.5258	4.966939	1.036981
1350	-986.5322	-1215.724	229.1914	1.210323	6.906173	0.994255
1356	-984.867	-1214.102	229.235	1.169269	5.914944	1.20075
1362	-981.2252	-1210.213	228.9879	1.169269	7.150077	1.17371
1368	-976.4345	-1205.935	229.5007	1.344531	5.096033	0.9899633
1374	-979.6438	-1208.556	228.9126	1.160146	3.998216	1.858079
1380	-974.8143	-1203.936	229.1217	1.107694	3.554536	1.858079
1386	-976.3308	-1206.013	229.6826	1.183548	4.597585	1.107309
1392	-971.803	-1200.764	228.9609	1.318247	7.847957	0.9220496
1398	-973.3069	-1202.805	229.498	1.318247	5.398227	0.93533
1404	-970.7438	-1200.198	229.4543	1.121201	5.183624	1.215449
1410	-975.0629	-1203.916	228.8536	1.106646	7.306827	1.311478
1416	-971.2679	-1200.008	228.7406	1.049448	6.460114	1.581394
1422	-970.0878	-1198.911	228.8228	0.9160039	5.883027	1.715897
1428	-982.7709	-1211.569	228.7986	0.8834508	6.544547	1.645817
1434	-980.6802	-1209.295	228.6149	0.9352943	7.138269	1.64821
1440	-981.3898	-1210.642	229.2527	0.816168	4.212962	1.812062
1446	-978.0258	-1206.946	228.9202	0.998694	5.776463	1.605896
1452	-974.1845	-1203.42	229.2354	1.215679	5.896654	1.164079
1458	-984.4114	-1213.668	229.2566	1.061558	5.539301	1.349197
1464	-979.9358	-1209.2	229.2638	1.232012	5.774974	1.151174
1470	-981.6227	-1210.934	229.311	1.19855	6.884086	0.8839302
1476	-982.1105	-1210.605	228.4942	0.7676156	6.884086	1.886954
1482	-970.305	-1199.247	228.942	0.870036	4.288578	1.970179
1488	-968.8336	-1197.869	229.0359	1.074598	4.288578	1.766394
1494	-965.8261	-1194.437	228.6109	1.026801	6.756233	1.643949
1500	-967.9984	-1196.954	228.9557	0.8756282	6.51311	1.542177
1506	-969.0514	-1198.09	229.0386	1.089151	5.693099	1.466475
1512	-970.3376	-1199.148	228.8105	1.047079	5.693099	1.665052
1518	-975.8421	-1204.786	228.9442	1.18679	6.284117	1.353163
1524	-973.5367	-1202.592	229.0557	1.215501	5.301416	1.434545
1530	-966.796	-1196.19	229.394	1.17586	5.301416	1.193108
1536	-976.6589	-1205.832	229.1726	1.342386	5.023242	1.302313
1542	-979.548	-1208.792	229.2443	1.139838	5.598384	1.283777
1548	-986.3184	-1215.321	229.0021	1.184515	7.251193	1.129152
1554	-994.0301	-1223.492	229.4619	1.121615	5.253513	1.192414
1560	-995.3835	-1224.614	229.2303	1.310044	5.397733	1.196531
1566	-988.2549	-1217.572	229.3172	1.311892	5.65441	1.056954
1572	-983.305	-1212.334	229.0285	1.497759	5.963391	1.081582
1578	-982.3664	-1211.063	228.6963	1.497759	8.332947	0.9152547
1584	-977.1343	-1205.815	228.6812	1.241841	8.5124	1.147503
1590	-967.2133	-1195.869	228.6554	1.111703	6.979926	1.513908
1596	-970.4863	-1199.143	228.6565	1.163361	8.950046	1.170258
1602	-966.7606	-1195.492	228.7318	1.209356	6.988427	1.379504
1608	-974.7971	-1203.255	228.4575	1.121666	6.270364	1.762942
1614	-980.5208	-1209.173	228.6521	1.023393	6.952102	1.585944
1620	-975.4586	-1204.315	228.8567	0.8188111	6.952102	1.585944
1626	-979.6214	-1207.643	228.0212	0.9134808	6.205958	2.204473
1632	-978.613	-1207.384	228.7708	1.183663	7.989893	1.204352
1638	-989.8715	-1218.795	228.9237	1.141251	8.2772	1.056852
1644	-994.073	-1222.8	228.7268	1.294747	7.223446	1.275459
1650	-989.3493	-1218.743	229.3934	1.158271	4.23455	1.458743
1656	-994.547	-1223.683	229.136	1.216435	4.23455	1.60668
1662	-982.1406	-1210.79	228.6498	1.424871	9.015384	0.9132366
1668	-971.7765	-1200.633	228.8561	1.430035	7.980081	0.8859321
1674	-977.97	-1206.731	228.7606	1.291037	8.09208	1.101386
1680	-972.5946	-1201.447	228.8519	1.075018	9.352852	1.007772
1686	-976.3736	-1205.274	228.9007	1.16094	8.521365	1.017082
1692	-971.2157	-1200.149	228.9331	1.389988	6.381949	1.175426
1698	-971.6027	-1200.421	228.8187	1.389988	6.381949	1.272173
1704	-968.8484	-1198.151	229.3023	1.160209	5.573674	1.223819
1710	-967.9075	-1197.315	229.4075	1.216081	5.502949	1.098342
1716	-967.9607	-1197.338	229.377	1.02082	5.858574	1.217997
1722	-967.5669	-1196.695	229.1276	1.201295	4.818255	1.492711
1728	-967.5856	-1196.713	229.1277	1.258124	6.887453	1.01414
1734	-965.9711	-1195.146	229.1753	1.262591	6.339892	1.081015
1740	-967.0601	-1195.88	228.8196	1.262591	7.902933	1.106318
1746	-972.6563	-1201.755	229.0991	1.262591	5.227937	1.379751
1752	-967.3064	-1196.514	229.208	1.20304	5.04777	1.379751
1758	-974.8518	-1203.607	228.7553	1.097118	7.414829	1.379751
1764	-976.7309	-1206.155	229.4243	1.464039	5.208346	0.9120929
1770	-979.8575	-1209.209	229.3519	1.360738	5.629696	0.9811038
1776	-980.4777	-1209.876	229.3981	1.404709	5.848648	0.8172561
1782	-977.5837	-1206.48	228.8962	1.181561	4.873417	1.664992
1788	-977.9551	-1206.932	228.9773	1.117118	4.815373	1.664992
1794	-975.7766	-1205.348	229.5712	1.14191	5.008516	1.137803
1800	-969.0157	-1198.609	229.5936	1.14191	5.184653	1.072987
1806	-964.4879	-1193.618	229.1301	0.8602106	4.01411	1.910484
1812	-964.2556	-1193.431	229.1757	0.9401995	6.033717	1.411323
1818	-965.9919	-1195.502	229.5103	1.136699	6.033717	0.9455068
1824	-967.9948	-1197.474	229.4796	1.416588	5.067155	0.9455068
1830	-970.2821	-1199.792	229.51	1.236493	5.881411	0.8761603
1836	-970.2064	-1199.157	228.9511	1.16777	6.528687	1.318222
1842	-963.1612	-1192.497	229.3359	1.16777	5.860255	1.125348
1848	-964.6173	-1193.836	229.2184	1.260848	5.958764	1.125662
1854	-972.1758	-1201.633	229.4568	1.179434	5.763161	1.023805
1860	-972.493	-1201.792	229.2987	1.403372	5.442915	1.039266
1866	-968.7977	-1197.662	228.8643	1.312726	7.253571	1.137279
1872	-968.3361	-1197.321	228.985	1.109934	4.50619	1.729766
1878	-976.9021	-1206.402	229.4995	1.116603	5.465344	1.114028
1884	-981.8431	-1210.432	228.589	1.355562	5.465344	1.644547
1890	-978.8632	-1208.182	229.3186	1.326352	5.806235	1.004631
1896	-978.1695	-1207.281	229.111	1.374696	6.724013	0.9484901
1902	-974.191	-1203.273	229.0825	1.054855	5.089686	1.577877
1908	-974.8294	-1203.615	228.7859	1.285588	6.47062	1.366447
1914	-985.4648	-1214.119	228.654	1.339558	9.02202	0.9971626
1920	-982.7285	-1211.294	228.5658	1.222439	8.094717	1.325428
1926	-982.633	-1211.58	228.9471	1.192813	6.831026	1.246214
1932	-973.2439	-1201.825	228.5806	1.264483	9.475795	1.067146
1938	-967.51	-1196.487	228.9771	1.041426	7.125614	1.294565
1944	-969.0939	-1198.045	228.9508	1.275473	6.195609	1.293249
1950	-967.2234	-1196.274	229.0505	1.105203	6.501883	1.293249
1956	-970.4197	-1199.572	229.1525	1.090837	6.501883	1.220438
1962	-974.5045	-1203.272	228.7679	1.213083	6.169025	1.489762
1968	-966.1727	-1195.373	229.2003	1.003555	5.091315	1.528483
1974	-975.518	-1204.388	228.8696	1.08107	6.05071	1.53341
1980	-975.3215	-1204.748	229.4266	1.161552	4.406948	1.388628
1986	-978.9328	-1208.115	229.1819	1.130214	6.527698	1.156106
1992	-979.055	-1208.096	229.0413	1.130214	7.177591	1.156106
1998	-973.6642	-1202.475	228.8111	1.130209	7.177591	1.348015
2004	-970.0144	-1199.034	229.0192	1.023188	5.505252	1.565972
2010	-979.0441	-1208.665	229.6212	1.244833	5.151009	0.9530098
2016	-980.7388	-1210.458	229.7193	1.325558	4.530759	0.9530098
2022	-994.0796	-1223.908	229.8281	1.232979	4.142838	1.058535
2028	-997.9178	-1227.496	229.5781	1.293309	4.344759	1.171818
2034	-991.599	-1220.769	229.1701	1.164285	6.012347	1.239943
2040	-991.8353	-1221.58	229.7447	1.400805	4.450021	0.8688138
2046	-992.5907	-1222.438	229.8471	1.599526	3.836951	0.7350083
2052	-982.0889	-1211.738	229.6493	1.558951	4.57312	0.7350083
2058	-981.7922	-1211.323	229.5308	1.730159	4.397593	0.7367581
2064	-993.8452	-1222.559	228.7141	1.15106	6.021179	1.601397
2070	-989.8645	-1219.075	229.2104	1.057066	4.482205	1.611908
2076	-983.1413	-1212.004	228.8629	1.292515	5.507549	1.481448
2082	-988.0114	-1217.36	229.3481	1.109193	4.961765	1.36233
2088	-992.4196	-1221.976	229.5568	1.127623	4.309793	1.336628
2094	-1003.182	-1232.482	229.2997	1.181673	4.391044	1.474514
2100	-997.6793	-1226.318	228.6389	1.110672	6.994354	1.524741
2106	-990.25	-1218.945	228.6953	1.110672	6.994354	1.48248
2112	-992.4336	-1221.985	229.5515	1.110672	4.353935	1.343334
2118	-985.3052	-1214.58	229.2747	1.264134	4.79128	1.336328
2124	-987.8337	-1217.387	229.553	1.102256	4.144799	1.401485
2130	-984.2986	-1213.355	229.0561	1.234491	6.310462	1.217479
2136	-982.1833	-1211.176	228.9931	1.079324	6.081459	1.436041
2142	-984.3762	-1213.313	228.9367	1.217761	6.591501	1.277829
2148	-982.897	-1212.03	229.1326	1.33185	5.444936	1.250216
2154	-980.5645	-1209.39	228.8257	0.9530054	6.445881	1.591986
2160	-982.6687	-1211.422	228.7534	1.29666	4.521361	1.758011
2166	-974.3683	-1203.609	229.2408	1.361606	5.87143	1.03061
2172	-970.0915	-1199.111	229.0192	1.338956	6.251985	1.171049
2178	-963.5043	-1193.139	229.6344	1.327346	4.204652	1.131494
2184	-970.1952	-1199.865	229.6701	1.018214	4.042027	1.40214
2190	-975.7159	-1205.011	229.2946	1.257479	5.325727	1.202753
2196	-976.436	-1205.941	229.5047	1.008032	5.475269	1.202753
2202	-982.1653	-1211.076	228.9105	1.35115	6.045242	1.293499
2208	-972.9857	-1202.412	229.4264	1.332721	4.597255	1.201824
2214	-976.2275	-1205.744	229.5166	1.240809	4.848918	1.138673
2220	-983.8584	-1212.758	228.9	1.416736	7.759679	0.8994097
2226	-969.3745	-1198.46	229.0853	1.360103	6.589357	1.019826
2232	-976.6644	-1206.459	229.7949	1.123585	4.093318	1.201231
2238	-975.3049	-1204.4	229.0952	1.251522	5.518544	1.330699
2244	-975.2078	-1204.377	229.1687	1.103786	4.048368	1.707525
2250	-973.7138	-1203	229.2859	1.103786	5.346013	1.33246
2256	-977.0343	-1206.094	229.0599	1.166856	6.692881	1.198256
2262	-980.1687	-1209.397	229.2285	1.506588	5.846664	0.8990604
2268	-973.0714	-1202.572	229.5004	1.231284	4.910029	1.146001
2274	-975.6657	-1204.861	229.1958	1.12166	5.34122	1.390597
2280	-971.8172	-1201.014	229.1963	0.9459489	5.34122	1.523962
2286	-983.2526	-1212.643	229.3905	1.353047	4.499884	1.239983
2292	-979.5555	-1208.543	228.9871	1.414699	6.880834	0.9996784
2298	-986.0557	-1214.863	228.8073	1.377683	8.644272	0.861225
2304	-987.2714	-1216.517	229.2453	1.470596	5.724563	0.9528659
2310	-987.0321	-1216.454	229.4215	1.523915	5.544863	0.7228013
2316	-984.2061	-1213.467	229.2607	1.551149	5.827699	0.8122469
2322	-996.3796	-1224.626	228.2464	1.27244	9.339409	1.364479
2328	-983.3359	-1211.901	228.5655	1.131247	8.684677	1.312374
2334	-978.9622	-1207.767	228.8051	1.256926	6.822799	1.311619
2340	-980.6254	-1209.826	229.2009	1.379869	6.014148	1.017803
2346	-981.0764	-1210.341	229.2649	1.503557	6.361731	0.6853954
2352	-981.423	-1210.313	228.8896	1.646182	7.636955	0.596855
2358	-980.6036	-1209.125	228.5217	1.707947	9.265477	0.624408
2364	-986.0035	-1214.985	228.9817	1.447215	8.13332	0.627929
2370	-984.991	-1213.949	228.9584	1.197703	7.382598	1.132357
2376	-983.9629	-1212.561	228.5983	1.275732	7.227503	1.392806
2382	-967.7125	-1196.806	229.0937	1.275732	5.766108	1.261054
2388	-974.2813	-1202.903	228.6219	1.09314	7.834978	1.421966
2394	-967.6837	-1197.2	229.5158	1.150925	5.04506	1.169703
2400	-968.1243	-1197.467	229.3428	1.150925	5.906724	1.123959
2406	-971.795	-1201.11	229.3151	1.109852	5.338824	1.305641
2412	-966.4724	-1195.41	228.9379	1.058136	6.2223	1.468941
2418	-984.3313	-1213.461	229.1299	1.218219	6.2223	1.185823
2424	-987.2755	-1216.483	229.2078	1.234412	6.830392	0.9697447
2430	-982.3183	-1211.246	228.9281	1.398591	7.380791	0.9697447
2436	-985.051	-1214.091	229.0397	1.288146	6.910204	1.065265
2442	-983.7214	-1212.745	229.0239	1.194396	6.348902	1.270543
2448	-985.5135	-1214.209	228.695	1.255595	8.670906	1.097063
2454	-982.8832	-1212.22	229.3373	1.276008	3.833568	1.513378
2460	-977.3631	-1206.409	229.0455	0.9397805	4.103642	1.893721
2466	-991.9483	-1220.286	228.3372	0.9200403	7.922221	1.744717
2472	-988.5145	-1217.799	229.2844	0.9530248	5.324829	1.455631
2478	-997.1203	-1226.088	228.9681	1.077123	4.529532	1.759643
2484	-990.1621	-1219.076	228.9144	1.377875	8.087695	0.854753
2490	-1005.989	-1235.342	229.3531	1.083881	5.494167	1.262356
2496	-994.3538	-1223.627	229.2735	1.149259	5.494167	1.274135
2502	-996.0709	-1225.308	229.2376	1.149259	5.776967	1.244293
2508	-997.1598	-1225.891	228.7315	1.20289	7.511815	1.298782
2514	-982.715	-1211.713	228.9985	1.10939	6.13948	1.398008
2520	-989.7278	-1219.004	229.2762	1.21468	5.82279	1.144959
2526	-986.5818	-1215.635	229.0527	1.097859	7.580694	1.101396
2532	-971.7688	-1201.124	229.3553	1.340408	6.15877	0.8572652
2538	-969.7016	-1198.89	229.1885	1.352026	6.196305	1.014773
2544	-981.4414	-1210.548	229.1067	1.125243	6.196305	1.288512
2550	-979.697	-1208.161	228.4637	1.273948	9.236413	1.199121
2556	-973.2771	-1201.997	228.7198	0.9986096	7.559489	1.460767
2562	-974.8394	-1203.95	229.111	1.10194	5.118402	1.516194
2568	-985.5144	-1214.787	229.273	1.054005	4.717312	1.516194
2574	-983.564	-1212.463	228.8988	0.8629851	5.97071	1.684423
2580	-978.7084	-1207.753	229.0446	1.01975	5.97071	1.462529
2586	-985.9789	-1214.903	228.9241	1.127829	6.022019	1.462529
2592	-992.351	-1221.345	228.9944	1.0057	4.759907	1.743159
2598	-991.7939	-1220.924	229.13	0.9489031	6.065446	1.433997
2604	-982.7711	-1212.097	229.3259	1.179379	6.207513	1.04645
2610	-990.8301	-1220.007	229.1769	1.412995	6.207513	0.9621494
2616	-978.5796	-1207.854	229.2741	1.316304	5.425066	1.146593
2622	-978.495	-1208.3	229.805	1.316304	4.317598	0.9420803
2628	-974.4811	-1203.492	229.0105	1.316304	6.950078	1.058248
2634	-968.2503	-1196.945	228.6946	1.228468	8.759844	1.107836
2640	-970.2739	-1199.851	229.5773	1.109444	3.736337	1.483969
2646	-971.614	-1200.856	229.2416	1.295418	6.665447	0.9068027
2652	-975.1896	-1204.619	229.4297	1.269348	4.972106	1.159308
2658	-974.8934	-1204.148	229.2543	1.269348	5.896945	1.099011
2664	-976.6977	-1205.951	229.253	1.367492	5.895992	1.006905
2670	-971.8726	-1201.116	229.2434	1.203657	6.133227	1.116876
2676	-978.9674	-1208.253	229.2855	1.125076	6.133227	1.149559
2682	-978.9976	-1208.339	229.3418	1.04899	5.675055	1.262297
2688	-981.6971	-1210.864	229.167	1.04899	5.950638	1.348607
2694	-976.8054	-1205.808	229.0029	0.8676385	5.616985	1.669569
2700	-974.4804	-1203.52	229.0401	1.136646	4.725845	1.624622
2706	-980.7185	-1210.067	229.3488	1.223093	5.639128	1.113572
2712	-978.7498	-1207.716	228.966	1.308522	6.705365	1.154322
2718	-981.441	-1210.032	228.5915	1.087172	6.481058	1.658493
2724	-975.1913	-1203.838	228.6465	1.105399	6.481058	1.605727
2730	-979.6132	-1208.721	229.1074	1.140093	6.261036	1.263221
2736	-973.2302	-1202.348	229.118	1.329618	5.953164	1.154992
2742	-978.2273	-1207.324	229.0967	1.311462	7.499412	0.8528324
2748	-972.7742	-1201.647	228.8728	1.371378	6.975943	1.129257
2754	-973.8396	-1202.814	228.9746	1.310411	7.873988	0.9100203
2760	-975.0145	-1204.035	229.02	1.160667	8.403202	0.9157819
2766	-978.8416	-1207.429	228.5874	0.9265612	7.751163	1.584857
2772	-977.7147	-1207.017	229.3024	0.8536411	4.727624	1.639146
2778	-977.7221	-1206.874	229.1521	1.122652	6.276877	1.237445
2784	-988.4553	-1216.961	228.5058	1.122652	7.211949	1.580392
2790	-985.0618	-1213.518	228.4564	0.981024	5.970659	1.90926
2796	-977.7978	-1206.359	228.5616	0.9053001	5.141286	2.032613
2802	-975.6904	-1204.644	228.9541	1.196105	7.158403	1.178272
2808	-980.2897	-1209.286	228.9959	1.36393	7.237052	0.965966
2814	-976.2999	-1205.345	229.045	1.39973	6.253418	1.093205
2820	-982.0349	-1211.576	229.541	1.359983	5.225005	0.892902
2826	-989.5457	-1218.763	229.2169	1.340397	6.060019	1.029997
2832	-986.3981	-1215.273	228.8754	1.319343	8.376659	0.9056257
2838	-993.3249	-1221.962	228.6373	1.155681	10.97001	0.8825428
2844	-969.1324	-1198.81	229.678	1.198528	4.334448	1.170231
2850	-974.2953	-1203.577	229.2816	0.9091968	4.334448	1.699688
2856	-982.1262	-1211.225	229.0986	1.08666	5.609625	1.438804
2862	-992.5735	-1221.779	229.2052	1.054012	5.638529	1.375703
2868	-992.0854	-1221.597	229.5116	1.133568	4.044653	1.434834
2874	-980.7504	-1210.251	229.5006	0.9839363	5.124746	1.304259
2880	-974.7782	-1203.834	229.0554	1.106054	4.760762	1.62824
2886	-987.0721	-1215.932	228.8594	0.749643	6.031196	1.781527
2892	-978.2992	-1207.313	229.0141	0.9357716	3.790085	1.989489
2898	-968.5628	-1197.589	229.0259	0.7839369	4.344334	1.959875
2904	-968.2303	-1196.697	228.4665	0.9273975	4.846594	2.135079
2910	-966.6473	-1195.551	228.9033	0.8970318	4.846594	1.863963
2916	-974.842	-1204.125	229.2833	1.050228	5.759991	1.291759
2922	-983.1178	-1212.107	228.9897	1.122412	5.826522	1.453064
2928	-984.8491	-1214.312	229.4632	1.032567	5.722559	1.162731
2934	-994.1183	-1223.063	228.9446	0.9373213	5.212928	1.736686
2940	-982.7341	-1211.925	229.1904	0.8552698	4.63673	1.736686
2946	-980.2526	-1209.016	228.7637	0.9066462	6.16583	1.716207
2952	-967.7314	-1197.278	229.547	0.9912803	3.937399	1.542504
2958	-975.8104	-1204.767	228.9565	0.8932978	5.511784	1.703567
2964	-979.2009	-1208.375	229.1742	0.8391748	5.351002	1.61662
2970	-978.509	-1208.014	229.505	1.182275	5.351002	1.07623
2976	-976.146	-1205.325	229.1786	1.148335	6.234597	1.201566
2982	-978.4769	-1207.413	228.9362	1.112333	6.786907	1.328755
2988	-964.0005	-1193.077	229.0766	0.892142	4.831386	1.750613
2994	-973.3334	-1202.241	228.9079	0.8130054	7.882541	1.410334
3000	-964.1644	-1193.046	228.8812	1.048881	7.882541	1.242351
3006	-967.1896	-1195.997	228.8073	0.7630763	6.095088	1.797808
3012	-972.066	-1201.095	229.0287	0.8779953	6.095088	1.558097
3018	-968.8931	-1198.092	229.1989	0.9734502	5.527616	1.464657
3024	-977.1133	-1206.136	229.0223	0.9801284	5.434095	1.608707
3030	-982.7796	-1211.912	229.1325	1.104245	5.734102	1.374422
3036	-984.8743	-1213.429	228.5543	1.349368	9.453024	1.014405
3042	-976.1885	-1204.998	228.8098	1.185943	8.036468	1.160878
3048	-966.5719	-1195.383	228.8108	1.146064	7.134622	1.342762
3054	-982.8757	-1212.309	229.4335	1.043067	4.810864	1.381134
3060	-985.583	-1214.758	229.1755	1.091773	5.355651	1.426531
3066	-986.5563	-1215.793	229.2364	0.9407423	3.903565	1.808429
3072	-988.0719	-1217.565	229.4929	1.100145	5.231198	1.189394
3078	-988.1538	-1217.157	229.0033	1.155629	6.63029	1.266977
3084	-984.6963	-1213.801	229.1051	1.27676	6.533489	1.092114
3090	-984.0419	-1213.231	229.1891	1.580708	6.338248	0.6927773
3096	-987.4641	-1216.094	228.6301	1.710971	8.733419	0.5603995
3102	-984.6335	-1213.776	229.1427	1.443205	6.666086	0.8498957
3108	-982.291	-1211.174	228.8835	1.390608	7.57971	0.9827067
3114	-977.7567	-1206.907	229.15	1.295679	8.037089	0.6313842
3120	-979.2419	-1208.249	229.0067	1.049369	8.223085	1.074645
3126	-986.9265	-1216.131	229.2048	0.9105879	5.753566	1.464328
3132	-972.5993	-1201.805	229.206	1.013555	6.719682	1.19939
3138	-970.1118	-1199.038	228.9263	1.15984	5.914653	1.45637
3144	-958.0651	-1187.548	229.4832	0.9962438	4.87636	1.364024
3150	-962.1435	-1191.252	229.1084	0.9909711	5.771303	1.473149
3156	-962.6078	-1191.36	228.7517	1.061927	6.683464	1.527116
3162	-964.5474	-1193.871	229.3235	0.933657	4.157746	1.692829
3168	-962.0537	-1191.212	229.1582	0.9024198	5.942077	1.470679
3174	-970.6347	-1200.092	229.4569	1.325737	5.942077	0.8136463
3180	-967.5122	-1197.11	229.5975	1.458066	4.90406	0.8136463
3186	-964.37	-1193.961	229.5907	1.453181	4.90406	0.8286635
3192	-963.1345	-1192.162	229.027	1.442353	6.253659	1.070312
3198	-972.9337	-1202.201	229.2673	1.34289	6.305656	0.9159717
3204	-971.096	-1200.252	229.1564	1.411601	6.36088	0.9477596
3210	-967.1022	-1196.25	229.1482	1.441773	6.082831	0.9923002
3216	-968.4532	-1197.484	229.031	1.106621	7.605938	1.108649
3222	-969.9917	-1198.91	228.918	1.091176	5.919532	1.513497
3228	-973.4029	-1202.086	228.6832	1.027228	5.980393	1.719127
3234	-980.0606	-1209.408	229.3471	1.018955	6.130159	1.18906
3240	-985.4821	-1214.838	229.3561	1.29211	6.300125	0.874393
3246	-979.1564	-1208.07	228.9135	1.377857	7.312753	1.01921
3252	-973.4212	-1202.878	229.457	1.46453	5.555764	0.7552933
3258	-994.0354	-1222.903	228.8676	1.10537	5.488012	1.619812
3264	-1001.544	-1230.664	229.1192	1.10804	4.973545	1.535578
3270	-1010.673	-1238.554	227.8808	0.6564052	4.93924	2.660128
3276	-1003.172	-1232.05	228.8784	0.7115131	5.191267	1.941318
3282	-988.512	-1217.23	228.7176	0.838333	5.421139	1.922819
3288	-991.8631	-1221.078	229.2147	0.9539506	3.939163	1.805852
3294	-988.4295	-1217.699	229.27	1.274308	4.268442	1.456067
3300	-989.0496	-1217.783	228.7332	0.9018981	3.820743	2.189376
3306	-990.6456	-1219.483	228.837	0.9983833	6.43997	1.551412
3312	-993.2601	-1222.357	229.0964	0.8749928	3.756414	1.98301
3318	-985.4138	-1214.361	228.9472	1.110653	3.518757	1.98301
3324	-973.6547	-1202.838	229.1831	1.142215	5.568217	1.337579
3330	-971.9401	-1201.302	229.3619	1.022283	3.590475	1.741684
3336	-977.0001	-1205.991	228.9906	1.010826	4.311285	1.836873
3342	-983.9305	-1213.15	229.2196	1.010826	5.141443	1.498375
3348	-984.2462	-1213.737	229.4903	0.9589553	4.622096	1.445228
3354	-978.4714	-1207.85	229.3786	1.055417	5.242382	1.319142
3360	-973.9167	-1202.833	228.9168	1.055417	7.072477	1.340936
3366	-978.3757	-1207.597	229.2215	0.9729454	5.284516	1.496265
3372	-985.6498	-1214.782	229.1322	1.099822	5.145873	1.496265
3378	-986.771	-1216.119	229.3483	1.037297	5.441603	1.31555
3384	-994.8179	-1223.367	228.5489	1.144724	6.339986	1.670838
3390	-990.206	-1219.555	229.3493	1.184257	5.024101	1.287033
3396	-988.7157	-1217.71	228.9945	1.351546	8.063091	0.7920968
3402	-978.2361	-1207.342	229.1063	1.005685	6.087201	1.404473
3408	-976.6667	-1205.667	229.0008	1.081369	8.170103	1.05942
3414	-987.5794	-1216.707	229.1273	1.299595	6.573969	1.041087
3420	-985.7245	-1215.006	229.2812	1.299595	5.860177	1.054076
3426	-979.085	-1208.326	229.2413	1.352818	6.379916	0.9148537
3432	-982.3276	-1211.55	229.2228	1.352818	5.073559	1.240874
3438	-990.4844	-1220.134	229.6492	1.330539	4.520219	1.022255
3444	-975.9327	-1204.892	228.9592	1.253881	7.139312	1.126232
3450	-970.3435	-1199.434	229.0908	1.385972	6.337533	1.044785
3456	-972.1381	-1201.265	229.127	1.262405	5.883521	1.219976
3462	-979.4263	-1208.918	229.4912	1.678366	4.75878	0.7083184
3468	-983.8772	-1213.023	229.1463	1.473833	6.303422	0.9055917
3474	-985.8427	-1214.963	229.1205	1.465415	6.129158	0.9852521
3480	-985.7692	-1214.949	229.18	1.442823	6.303403	0.9024972
3486	-990.7997	-1220.055	229.255	1.33644	6.846773	0.7922934
3492	-994.8234	-1224.76	229.9361	1.263051	4.061744	0.9474523
3498	-1002.352	-1231.479	229.1274	1.167089	6.827377	1.11265
3504	-982.2401	-1211.349	229.1089	0.9847388	5.920918	1.449476
3510	-983.3524	-1212.286	228.9335	1.072523	5.872983	1.524314
3516	-984.6178	-1213.758	229.1401	1.02458	5.893361	1.399948
3522	-997.907	-1226.608	228.701	0.7370712	7.152458	1.725784
3528	-993.8441	-1222.27	228.4261	0.9779247	5.539152	2.004139
3534	-992.1575	-1220.589	228.4315	1.045611	5.272376	2.002176
3540	-985.4278	-1214.608	229.1797	0.9830412	5.272376	1.522395
3546	-985.5412	-1214.475	228.9343	1.013862	7.43952	1.29937
3552	-980.3621	-1210.232	229.8703	1.075572	3.854966	1.246279
3558	-981.1134	-1210.54	229.4264	1.425807	5.372604	0.9033974
3564	-985.5446	-1214.787	229.2427	1.348416	6.280237	0.943053
3570	-987.0525	-1216.23	229.1778	1.348416	6.280237	1.009572
3576	-981.0445	-1210.879	229.835	1.472891	3.801581	0.9261669
3582	-976.606	-1206.488	229.8823	1.396514	3.784265	0.9635196
3588	-977.8155	-1206.989	229.174	1.532711	5.776153	0.9490319
3594	-978.6432	-1207.436	228.7926	1.382363	7.316198	1.12764
3600	-974.3931	-1203.497	229.1035	1.223673	5.023537	1.449836
3606	-971.2484	-1200.549	229.3009	1.223673	6.23708	1.021106
3612	-972.9458	-1201.831	228.8854	1.045357	5.529731	1.642495
3618	-966.5062	-1195.925	229.4188	1.121149	5.453163	1.184288
3624	-978.2016	-1206.91	228.7086	1.237545	6.036692	1.53928
3630	-968.9339	-1197.92	228.9857	1.138657	6.15898	1.381542
3636	-974.743	-1203.886	229.1431	1.09964	5.151093	1.487102
3642	-985.3533	-1214.447	229.0941	1.183596	8.011805	0.8886514
3648	-989.8384	-1218.132	228.2936	1.389404	11.09625	0.9814298
3654	-975.1694	-1204.348	229.1788	1.440954	5.539791	1.093121
3660	-980.1391	-1209.815	229.6755	1.169335	4.865836	1.053871
3666	-982.5706	-1211.694	229.1234	1.397654	6.435919	0.9787479
3672	-983.0267	-1212.153	229.1263	1.470006	6.725949	0.8205167
3678	-986.1864	-1215.248	229.0616	1.166073	6.725949	1.191268
3684	-996.6207	-1225.62	228.9989	1.305805	6.867113	1.095415
3690	-983.0283	-1211.691	228.6631	1.43944	9.072349	0.8703681
3696	-986.5292	-1215.131	228.6021	1.246645	9.072349	1.126071
3702	-982.97	-1211.582	228.6125	1.119213	9.886905	1.110429
3708	-986.5061	-1215.571	229.0646	1.182911	6.264525	1.262506
3714	-981.1899	-1210.544	229.3544	1.343191	5.451676	1.041409
3720	-974.1665	-1203.638	229.4717	1.289129	4.961367	1.106728
3726	-975.3011	-1204.723	229.4223	1.508302	5.35421	0.81536
3732	-985.8132	-1214.346	228.5323	1.132315	8.871925	1.311715
3738	-988.9427	-1217.823	228.8802	1.103342	5.902297	1.535638
3744	-985.7303	-1215.06	229.3293	1.099172	6.137292	1.132787
3750	-986.9679	-1216.437	229.4687	1.313915	5.293046	0.9991498
3756	-992.0553	-1220.957	228.9015	0.9775269	7.679691	1.316581
3762	-980.6029	-1210.019	229.4158	1.136621	4.113019	1.488054
3768	-965.0982	-1194.423	229.3246	1.071038	5.32465	1.332263
3774	-975.7863	-1205.114	229.328	1.067607	5.32465	1.332263
3780	-984.948	-1214.266	229.3178	1.108759	5.318171	1.308809
3786	-981.7595	-1211.012	229.252	1.108374	5.949127	1.230927
3792	-978.2866	-1207.023	228.7365	0.8887305	5.270998	1.902914
3798	-982.008	-1211.654	229.6464	1.217359	4.573183	1.116133
3804	-990.9555	-1220.257	229.3014	1.217359	4.573183	1.402971
3810	-986.8947	-1215.873	228.9782	1.902152	5.681247	0.3026754
3816	-982.1793	-1211.403	229.2239	1.904595	5.010944	0.3755879
3822	-979.4451	-1208.972	229.5267	0.9163253	4.060375	1.5821
3828	-986.0536	-1214.835	228.7813	1.158505	4.820022	1.773048
3834	-978.1976	-1207.246	229.0487	1.576223	7.013271	0.6848208
3840	-972.7677	-1202.098	229.3305	1.519009	5.963764	0.7082795
3846	-973.5065	-1202.738	229.2317	1.483811	5.963764	0.8886993
3852	-967.3639	-1196.498	229.134	1.542311	6.598615	0.74908
3858	-974.548	-1204.248	229.7	1.542311	4.318377	0.7992254
3864	-966.2423	-1195.896	229.6536	1.610494	4.243916	0.8017118
3870	-967.5079	-1196.59	229.0824	1.241042	5.575028	1.337687
3876	-971.2967	-1200.19	228.8929	1.344779	6.986377	1.133075
3882	-980.2152	-1208.963	228.7479	1.307651	8.61019	1.007313
3888	-973.7234	-1202.906	229.1821	1.373778	6.133743	1.014245
3894	-983.5153	-1212.712	229.1965	1.241159	6.133743	1.125286
3900	-994.1373	-1222.601	228.4636	1.176177	8.709024	1.354465
3906	-980.3281	-1209.488	229.1596	1.128477	5.360712	1.409439
